npm info it worked if it ends with ok
npm verb cli [ '/usr/bin/node',
npm verb cli   '/usr/bin/npm',
npm verb cli   'install',
npm verb cli   '--save',
npm verb cli   '--loglevel',
npm verb cli   'verbose',
npm verb cli   'node-krb5' ]
npm info using npm@3.10.8
npm info using node@v6.9.1
npm verb request uri https://registry.npmjs.org/node-krb5
npm verb request no auth needed
npm info attempt registry request try #1 at 10:46:16 AM
npm verb request id 6245734082fb966a
npm verb etag W/"555efa5c-224a"
npm verb lastModified Fri, 22 May 2015 09:43:56 GMT
npm http request GET https://registry.npmjs.org/node-krb5
npm http 304 https://registry.npmjs.org/node-krb5
npm verb headers { date: 'Fri, 12 May 2017 14:46:17 GMT',
npm verb headers   via: '1.1 varnish',
npm verb headers   'cache-control': 'max-age=300',
npm verb headers   etag: 'W/"555efa5c-224a"',
npm verb headers   age: '0',
npm verb headers   connection: 'close',
npm verb headers   'x-served-by': 'cache-dfw1830-DFW',
npm verb headers   'x-cache': 'HIT',
npm verb headers   'x-cache-hits': '1',
npm verb headers   'x-timer': 'S1494600377.179292,VS0,VE33',
npm verb headers   vary: 'Accept-Encoding' }
npm verb etag https://registry.npmjs.org/node-krb5 from cache
npm verb get saving node-krb5 to /home/n0252056/.npm/registry.npmjs.org/node-krb5/.cache.json
npm verb correctMkdir /home/n0252056/.npm correctMkdir not in flight; initializing
npm verb cache add spec node-krb5
npm verb addNamed "latest" is being treated as a dist-tag for node-krb5
npm info addNameTag [ 'node-krb5', 'latest' ]
npm verb addNameTag registry:https://registry.npmjs.org/node-krb5 not in flight; fetching
npm verb get https://registry.npmjs.org/node-krb5 not expired, no request
npm verb addNamed "0.0.6" is a plain semver version for node-krb5
npm verb afterAdd /home/n0252056/.npm/node-krb5/0.0.6/package/package.json not in flight; writing
npm verb correctMkdir /home/n0252056/.npm correctMkdir not in flight; initializing
npm verb afterAdd /home/n0252056/.npm/node-krb5/0.0.6/package/package.json written
npm verb request uri https://registry.npmjs.org/node-gyp
npm verb request no auth needed
npm info attempt registry request try #1 at 10:46:17 AM
npm verb etag W/"59065e79-22b0e"
npm verb lastModified Sun, 30 Apr 2017 22:00:25 GMT
npm http request GET https://registry.npmjs.org/node-gyp
npm http 304 https://registry.npmjs.org/node-gyp
npm verb headers { date: 'Fri, 12 May 2017 14:46:18 GMT',
npm verb headers   via: '1.1 varnish',
npm verb headers   'cache-control': 'max-age=300',
npm verb headers   etag: 'W/"59065e79-22b0e"',
npm verb headers   age: '60',
npm verb headers   connection: 'close',
npm verb headers   'x-served-by': 'cache-dfw1832-DFW',
npm verb headers   'x-cache': 'HIT',
npm verb headers   'x-cache-hits': '2',
npm verb headers   'x-timer': 'S1494600378.146854,VS0,VE0',
npm verb headers   vary: 'Accept-Encoding' }
npm verb etag https://registry.npmjs.org/node-gyp from cache
npm verb get saving node-gyp to /home/n0252056/.npm/registry.npmjs.org/node-gyp/.cache.json
npm verb correctMkdir /home/n0252056/.npm correctMkdir not in flight; initializing
npm verb cache add spec node-gyp@0.13.1
npm verb addNamed "0.13.1" is a plain semver version for node-gyp
npm verb addNameVersion registry:https://registry.npmjs.org/node-gyp not in flight; fetching
npm verb get https://registry.npmjs.org/node-gyp not expired, no request
npm verb afterAdd /home/n0252056/.npm/node-gyp/0.13.1/package/package.json not in flight; writing
npm verb correctMkdir /home/n0252056/.npm correctMkdir not in flight; initializing
npm verb afterAdd /home/n0252056/.npm/node-gyp/0.13.1/package/package.json written
npm verb request uri https://registry.npmjs.org/fstream
npm verb request no auth needed
npm info attempt registry request try #1 at 10:46:18 AM
npm verb etag W/"59128476-b930"
npm verb lastModified Wed, 10 May 2017 03:09:42 GMT
npm http request GET https://registry.npmjs.org/fstream
npm verb request uri https://registry.npmjs.org/nopt
npm verb request no auth needed
npm info attempt registry request try #1 at 10:46:18 AM
npm verb etag W/"58518ed2-84a2"
npm verb lastModified Wed, 14 Dec 2016 18:26:26 GMT
npm http request GET https://registry.npmjs.org/nopt
npm verb request uri https://registry.npmjs.org/npmlog
npm verb request no auth needed
npm info attempt registry request try #1 at 10:46:18 AM
npm verb etag W/"590ce8ec-8668"
npm verb lastModified Fri, 05 May 2017 21:04:44 GMT
npm http request GET https://registry.npmjs.org/npmlog
npm verb request uri https://registry.npmjs.org/graceful-fs
npm verb request no auth needed
npm info attempt registry request try #1 at 10:46:18 AM
npm verb etag W/"58ee33ac-100d9"
npm verb lastModified Wed, 12 Apr 2017 14:03:24 GMT
npm http request GET https://registry.npmjs.org/graceful-fs
npm verb request uri https://registry.npmjs.org/osenv
npm verb request no auth needed
npm info attempt registry request try #1 at 10:46:18 AM
npm verb etag W/"58b4eec7-2a99"
npm verb lastModified Tue, 28 Feb 2017 03:30:15 GMT
npm http request GET https://registry.npmjs.org/osenv
npm verb request uri https://registry.npmjs.org/semver
npm verb request no auth needed
npm info attempt registry request try #1 at 10:46:18 AM
npm verb etag W/"59119183-11c10"
npm verb lastModified Tue, 09 May 2017 09:53:07 GMT
npm http request GET https://registry.npmjs.org/semver
npm verb request uri https://registry.npmjs.org/rimraf
npm verb request no auth needed
npm info attempt registry request try #1 at 10:46:18 AM
npm verb etag W/"590eb865-e41c"
npm verb lastModified Sun, 07 May 2017 06:02:13 GMT
npm http request GET https://registry.npmjs.org/rimraf
npm verb request uri https://registry.npmjs.org/which
npm verb request no auth needed
npm info attempt registry request try #1 at 10:46:18 AM
npm verb etag W/"58d36401-79e6"
npm verb lastModified Thu, 23 Mar 2017 05:58:25 GMT
npm http request GET https://registry.npmjs.org/which
npm verb request uri https://registry.npmjs.org/tar
npm verb request no auth needed
npm info attempt registry request try #1 at 10:46:18 AM
npm verb etag W/"59147647-fea5"
npm verb lastModified Thu, 11 May 2017 14:33:43 GMT
npm http request GET https://registry.npmjs.org/tar
npm http 304 https://registry.npmjs.org/fstream
npm verb headers { date: 'Fri, 12 May 2017 14:46:18 GMT',
npm verb headers   via: '1.1 varnish',
npm verb headers   'cache-control': 'max-age=300',
npm verb headers   etag: 'W/"59128476-b930"',
npm verb headers   age: '235',
npm verb headers   connection: 'close',
npm verb headers   'x-served-by': 'cache-dfw1822-DFW',
npm verb headers   'x-cache': 'HIT',
npm verb headers   'x-cache-hits': '7',
npm verb headers   'x-timer': 'S1494600379.623120,VS0,VE0',
npm verb headers   vary: 'Accept-Encoding' }
npm verb etag https://registry.npmjs.org/fstream from cache
npm verb get saving fstream to /home/n0252056/.npm/registry.npmjs.org/fstream/.cache.json
npm verb correctMkdir /home/n0252056/.npm correctMkdir not in flight; initializing
npm verb cache add spec fstream@0
npm verb addNamed ">=0.0.0 <1.0.0" is a valid semver range for fstream
npm verb addNameRange registry:https://registry.npmjs.org/fstream not in flight; fetching
npm http 304 https://registry.npmjs.org/graceful-fs
npm verb headers { date: 'Fri, 12 May 2017 14:46:18 GMT',
npm verb headers   via: '1.1 varnish',
npm verb headers   'cache-control': 'max-age=300',
npm verb headers   etag: 'W/"58ee33ac-100d9"',
npm verb headers   age: '155',
npm verb headers   connection: 'close',
npm verb headers   'x-served-by': 'cache-dfw1837-DFW',
npm verb headers   'x-cache': 'HIT',
npm verb headers   'x-cache-hits': '9',
npm verb headers   'x-timer': 'S1494600379.638294,VS0,VE0',
npm verb headers   vary: 'Accept-Encoding' }
npm verb etag https://registry.npmjs.org/graceful-fs from cache
npm verb get saving graceful-fs to /home/n0252056/.npm/registry.npmjs.org/graceful-fs/.cache.json
npm verb correctMkdir /home/n0252056/.npm correctMkdir not in flight; initializing
npm http 304 https://registry.npmjs.org/nopt
npm verb headers { date: 'Fri, 12 May 2017 14:46:18 GMT',
npm verb headers   via: '1.1 varnish',
npm verb headers   'cache-control': 'max-age=300',
npm verb headers   etag: 'W/"58518ed2-84a2"',
npm verb headers   age: '289',
npm verb headers   connection: 'close',
npm verb headers   'x-served-by': 'cache-dfw1841-DFW',
npm verb headers   'x-cache': 'HIT',
npm verb headers   'x-cache-hits': '3',
npm verb headers   'x-timer': 'S1494600379.647425,VS0,VE0',
npm verb headers   vary: 'Accept-Encoding' }
npm verb etag https://registry.npmjs.org/nopt from cache
npm verb get saving nopt to /home/n0252056/.npm/registry.npmjs.org/nopt/.cache.json
npm verb correctMkdir /home/n0252056/.npm correctMkdir not in flight; initializing
npm http 304 https://registry.npmjs.org/npmlog
npm verb headers { date: 'Fri, 12 May 2017 14:46:18 GMT',
npm verb headers   via: '1.1 varnish',
npm verb headers   'cache-control': 'max-age=300',
npm verb headers   etag: 'W/"590ce8ec-8668"',
npm verb headers   age: '64',
npm verb headers   connection: 'close',
npm verb headers   'x-served-by': 'cache-dfw1837-DFW',
npm verb headers   'x-cache': 'HIT',
npm verb headers   'x-cache-hits': '4',
npm verb headers   'x-timer': 'S1494600379.646811,VS0,VE0',
npm verb headers   vary: 'Accept-Encoding' }
npm verb etag https://registry.npmjs.org/npmlog from cache
npm verb get saving npmlog to /home/n0252056/.npm/registry.npmjs.org/npmlog/.cache.json
npm verb correctMkdir /home/n0252056/.npm correctMkdir not in flight; initializing
npm http 304 https://registry.npmjs.org/which
npm verb headers { date: 'Fri, 12 May 2017 14:46:18 GMT',
npm verb headers   via: '1.1 varnish',
npm verb headers   'cache-control': 'max-age=300',
npm verb headers   etag: 'W/"58d36401-79e6"',
npm verb headers   age: '102',
npm verb headers   connection: 'close',
npm verb headers   'x-served-by': 'cache-dfw1828-DFW',
npm verb headers   'x-cache': 'HIT',
npm verb headers   'x-cache-hits': '4',
npm verb headers   'x-timer': 'S1494600379.668490,VS0,VE0',
npm verb headers   vary: 'Accept-Encoding' }
npm verb etag https://registry.npmjs.org/which from cache
npm verb get saving which to /home/n0252056/.npm/registry.npmjs.org/which/.cache.json
npm verb correctMkdir /home/n0252056/.npm correctMkdir not in flight; initializing
npm http 304 https://registry.npmjs.org/osenv
npm verb headers { date: 'Fri, 12 May 2017 14:46:18 GMT',
npm verb headers   via: '1.1 varnish',
npm verb headers   'cache-control': 'max-age=300',
npm verb headers   etag: 'W/"58b4eec7-2a99"',
npm verb headers   age: '138',
npm verb headers   connection: 'close',
npm verb headers   'x-served-by': 'cache-dfw1828-DFW',
npm verb headers   'x-cache': 'HIT',
npm verb headers   'x-cache-hits': '3',
npm verb headers   'x-timer': 'S1494600379.668898,VS0,VE0',
npm verb headers   vary: 'Accept-Encoding' }
npm verb etag https://registry.npmjs.org/osenv from cache
npm verb get saving osenv to /home/n0252056/.npm/registry.npmjs.org/osenv/.cache.json
npm verb correctMkdir /home/n0252056/.npm correctMkdir not in flight; initializing
npm verb get https://registry.npmjs.org/fstream not expired, no request
npm verb addNamed "0.1.31" is a plain semver version for fstream
npm http 304 https://registry.npmjs.org/rimraf
npm verb headers { date: 'Fri, 12 May 2017 14:46:18 GMT',
npm verb headers   via: '1.1 varnish',
npm verb headers   'cache-control': 'max-age=300',
npm verb headers   etag: 'W/"590eb865-e41c"',
npm verb headers   age: '220',
npm verb headers   connection: 'close',
npm verb headers   'x-served-by': 'cache-dfw1834-DFW',
npm verb headers   'x-cache': 'HIT',
npm verb headers   'x-cache-hits': '11',
npm verb headers   'x-timer': 'S1494600379.692448,VS0,VE0',
npm verb headers   vary: 'Accept-Encoding' }
npm verb etag https://registry.npmjs.org/rimraf from cache
npm verb get saving rimraf to /home/n0252056/.npm/registry.npmjs.org/rimraf/.cache.json
npm verb correctMkdir /home/n0252056/.npm correctMkdir not in flight; initializing
npm http 304 https://registry.npmjs.org/semver
npm verb headers { date: 'Fri, 12 May 2017 14:46:18 GMT',
npm verb headers   via: '1.1 varnish',
npm verb headers   'cache-control': 'max-age=300',
npm verb headers   etag: 'W/"59119183-11c10"',
npm verb headers   age: '67',
npm verb headers   connection: 'close',
npm verb headers   'x-served-by': 'cache-dfw1834-DFW',
npm verb headers   'x-cache': 'HIT',
npm verb headers   'x-cache-hits': '6',
npm verb headers   'x-timer': 'S1494600379.693833,VS0,VE0',
npm verb headers   vary: 'Accept-Encoding' }
npm verb etag https://registry.npmjs.org/semver from cache
npm verb get saving semver to /home/n0252056/.npm/registry.npmjs.org/semver/.cache.json
npm verb correctMkdir /home/n0252056/.npm correctMkdir not in flight; initializing
npm verb afterAdd /home/n0252056/.npm/fstream/0.1.31/package/package.json not in flight; writing
npm verb correctMkdir /home/n0252056/.npm correctMkdir not in flight; initializing
npm verb cache add spec nopt@2
npm verb addNamed ">=2.0.0 <3.0.0" is a valid semver range for nopt
npm verb addNameRange registry:https://registry.npmjs.org/nopt not in flight; fetching
npm verb cache add spec graceful-fs@2
npm verb addNamed ">=2.0.0 <3.0.0" is a valid semver range for graceful-fs
npm verb addNameRange registry:https://registry.npmjs.org/graceful-fs not in flight; fetching
npm verb cache add spec npmlog@0
npm verb addNamed ">=0.0.0 <1.0.0" is a valid semver range for npmlog
npm verb addNameRange registry:https://registry.npmjs.org/npmlog not in flight; fetching
npm verb cache add spec which@1
npm verb addNamed ">=1.0.0 <2.0.0" is a valid semver range for which
npm verb addNameRange registry:https://registry.npmjs.org/which not in flight; fetching
npm verb cache add spec osenv@0
npm verb addNamed ">=0.0.0 <1.0.0" is a valid semver range for osenv
npm verb addNameRange registry:https://registry.npmjs.org/osenv not in flight; fetching
npm http 304 https://registry.npmjs.org/tar
npm verb headers { date: 'Fri, 12 May 2017 14:46:18 GMT',
npm verb headers   via: '1.1 varnish',
npm verb headers   'cache-control': 'max-age=300',
npm verb headers   etag: 'W/"59147647-fea5"',
npm verb headers   age: '195',
npm verb headers   connection: 'close',
npm verb headers   'x-served-by': 'cache-dfw1845-DFW',
npm verb headers   'x-cache': 'HIT',
npm verb headers   'x-cache-hits': '2',
npm verb headers   'x-timer': 'S1494600379.737061,VS0,VE0',
npm verb headers   vary: 'Accept-Encoding' }
npm verb etag https://registry.npmjs.org/tar from cache
npm verb get saving tar to /home/n0252056/.npm/registry.npmjs.org/tar/.cache.json
npm verb correctMkdir /home/n0252056/.npm correctMkdir not in flight; initializing
npm verb get https://registry.npmjs.org/nopt not expired, no request
npm verb addNamed "2.2.1" is a plain semver version for nopt
npm verb get https://registry.npmjs.org/graceful-fs not expired, no request
npm verb addNamed "2.0.3" is a plain semver version for graceful-fs
npm WARN deprecated graceful-fs@2.0.3: graceful-fs v3.0.0 and before will fail on node releases >= v7.0. Please update to graceful-fs@^4.0.0 as soon as possible. Use 'npm ls graceful-fs' to find it in the tree.
npm verb get https://registry.npmjs.org/npmlog not expired, no request
npm verb addNamed "0.1.1" is a plain semver version for npmlog
npm verb afterAdd /home/n0252056/.npm/fstream/0.1.31/package/package.json written
npm verb cache add spec rimraf@2
npm verb addNamed ">=2.0.0 <3.0.0" is a valid semver range for rimraf
npm verb addNameRange registry:https://registry.npmjs.org/rimraf not in flight; fetching
npm verb cache add spec semver@~2.2.1
npm verb addNamed ">=2.2.1 <2.3.0" is a valid semver range for semver
npm verb addNameRange registry:https://registry.npmjs.org/semver not in flight; fetching
npm verb get https://registry.npmjs.org/osenv not expired, no request
npm verb addNamed "0.1.4" is a plain semver version for osenv
npm verb get https://registry.npmjs.org/which not expired, no request
npm verb addNamed "1.2.14" is a plain semver version for which
npm verb afterAdd /home/n0252056/.npm/graceful-fs/2.0.3/package/package.json not in flight; writing
npm verb correctMkdir /home/n0252056/.npm correctMkdir not in flight; initializing
npm verb get https://registry.npmjs.org/rimraf not expired, no request
npm verb addNamed "2.6.1" is a plain semver version for rimraf
npm verb afterAdd /home/n0252056/.npm/npmlog/0.1.1/package/package.json not in flight; writing
npm verb correctMkdir /home/n0252056/.npm correctMkdir not in flight; initializing
npm verb afterAdd /home/n0252056/.npm/nopt/2.2.1/package/package.json not in flight; writing
npm verb correctMkdir /home/n0252056/.npm correctMkdir not in flight; initializing
npm verb get https://registry.npmjs.org/semver not expired, no request
npm verb addNamed "2.2.1" is a plain semver version for semver
npm verb afterAdd /home/n0252056/.npm/osenv/0.1.4/package/package.json not in flight; writing
npm verb correctMkdir /home/n0252056/.npm correctMkdir not in flight; initializing
npm verb afterAdd /home/n0252056/.npm/which/1.2.14/package/package.json not in flight; writing
npm verb correctMkdir /home/n0252056/.npm correctMkdir not in flight; initializing
npm verb cache add spec tar@0
npm verb addNamed ">=0.0.0 <1.0.0" is a valid semver range for tar
npm verb addNameRange registry:https://registry.npmjs.org/tar not in flight; fetching
npm verb afterAdd /home/n0252056/.npm/rimraf/2.6.1/package/package.json not in flight; writing
npm verb correctMkdir /home/n0252056/.npm correctMkdir not in flight; initializing
npm verb afterAdd /home/n0252056/.npm/graceful-fs/2.0.3/package/package.json written
npm verb afterAdd /home/n0252056/.npm/npmlog/0.1.1/package/package.json written
npm verb afterAdd /home/n0252056/.npm/nopt/2.2.1/package/package.json written
npm verb afterAdd /home/n0252056/.npm/semver/2.2.1/package/package.json not in flight; writing
npm verb correctMkdir /home/n0252056/.npm correctMkdir not in flight; initializing
npm verb get https://registry.npmjs.org/tar not expired, no request
npm verb addNamed "0.1.20" is a plain semver version for tar
npm verb afterAdd /home/n0252056/.npm/osenv/0.1.4/package/package.json written
npm verb afterAdd /home/n0252056/.npm/which/1.2.14/package/package.json written
npm verb afterAdd /home/n0252056/.npm/rimraf/2.6.1/package/package.json written
npm verb afterAdd /home/n0252056/.npm/semver/2.2.1/package/package.json written
npm verb afterAdd /home/n0252056/.npm/tar/0.1.20/package/package.json not in flight; writing
npm verb correctMkdir /home/n0252056/.npm correctMkdir not in flight; initializing
npm verb afterAdd /home/n0252056/.npm/tar/0.1.20/package/package.json written
npm verb cache add spec graceful-fs@~3.0.2
npm verb addNamed ">=3.0.2 <3.1.0" is a valid semver range for graceful-fs
npm verb addNameRange registry:https://registry.npmjs.org/graceful-fs not in flight; fetching
npm verb get https://registry.npmjs.org/graceful-fs not expired, no request
npm verb addNamed "3.0.11" is a plain semver version for graceful-fs
npm verb afterAdd /home/n0252056/.npm/graceful-fs/3.0.11/package/package.json not in flight; writing
npm verb correctMkdir /home/n0252056/.npm correctMkdir not in flight; initializing
npm verb afterAdd /home/n0252056/.npm/graceful-fs/3.0.11/package/package.json written
npm verb request uri https://registry.npmjs.org/natives
npm verb request no auth needed
npm info attempt registry request try #1 at 10:46:19 AM
npm verb etag W/"57c5d7df-1d42"
npm verb lastModified Tue, 30 Aug 2016 19:00:47 GMT
npm http request GET https://registry.npmjs.org/natives
npm http 304 https://registry.npmjs.org/natives
npm verb headers { date: 'Fri, 12 May 2017 14:46:19 GMT',
npm verb headers   via: '1.1 varnish',
npm verb headers   'cache-control': 'max-age=300',
npm verb headers   etag: 'W/"57c5d7df-1d42"',
npm verb headers   age: '63',
npm verb headers   connection: 'close',
npm verb headers   'x-served-by': 'cache-dfw1842-DFW',
npm verb headers   'x-cache': 'HIT',
npm verb headers   'x-cache-hits': '2',
npm verb headers   'x-timer': 'S1494600379.241566,VS0,VE0',
npm verb headers   vary: 'Accept-Encoding' }
npm verb etag https://registry.npmjs.org/natives from cache
npm verb get saving natives to /home/n0252056/.npm/registry.npmjs.org/natives/.cache.json
npm verb correctMkdir /home/n0252056/.npm correctMkdir not in flight; initializing
npm verb cache add spec natives@^1.1.0
npm verb addNamed ">=1.1.0 <2.0.0" is a valid semver range for natives
npm verb addNameRange registry:https://registry.npmjs.org/natives not in flight; fetching
npm verb get https://registry.npmjs.org/natives not expired, no request
npm verb addNamed "1.1.0" is a plain semver version for natives
npm verb afterAdd /home/n0252056/.npm/natives/1.1.0/package/package.json not in flight; writing
npm verb correctMkdir /home/n0252056/.npm correctMkdir not in flight; initializing
npm verb afterAdd /home/n0252056/.npm/natives/1.1.0/package/package.json written
npm verb request uri https://registry.npmjs.org/glob
npm verb request no auth needed
npm info attempt registry request try #1 at 10:46:19 AM
npm verb etag W/"59123678-1f74f"
npm verb lastModified Tue, 09 May 2017 21:36:56 GMT
npm http request GET https://registry.npmjs.org/glob
npm http 304 https://registry.npmjs.org/glob
npm verb headers { date: 'Fri, 12 May 2017 14:46:19 GMT',
npm verb headers   via: '1.1 varnish',
npm verb headers   'cache-control': 'max-age=300',
npm verb headers   etag: 'W/"59123678-1f74f"',
npm verb headers   age: '20',
npm verb headers   connection: 'close',
npm verb headers   'x-served-by': 'cache-dfw1843-DFW',
npm verb headers   'x-cache': 'HIT',
npm verb headers   'x-cache-hits': '3',
npm verb headers   'x-timer': 'S1494600379.465546,VS0,VE0',
npm verb headers   vary: 'Accept-Encoding' }
npm verb etag https://registry.npmjs.org/glob from cache
npm verb get saving glob to /home/n0252056/.npm/registry.npmjs.org/glob/.cache.json
npm verb correctMkdir /home/n0252056/.npm correctMkdir not in flight; initializing
npm verb cache add spec glob@^7.0.5
npm verb addNamed ">=7.0.5 <8.0.0" is a valid semver range for glob
npm verb addNameRange registry:https://registry.npmjs.org/glob not in flight; fetching
npm verb get https://registry.npmjs.org/glob not expired, no request
npm verb addNamed "7.1.1" is a plain semver version for glob
npm verb afterAdd /home/n0252056/.npm/glob/7.1.1/package/package.json not in flight; writing
npm verb correctMkdir /home/n0252056/.npm correctMkdir not in flight; initializing
npm verb afterAdd /home/n0252056/.npm/glob/7.1.1/package/package.json written
npm verb request uri https://registry.npmjs.org/fs.realpath
npm verb request no auth needed
npm info attempt registry request try #1 at 10:46:19 AM
npm verb etag W/"5818d000-107b"
npm verb lastModified Tue, 01 Nov 2016 17:25:20 GMT
npm http request GET https://registry.npmjs.org/fs.realpath
npm verb request uri https://registry.npmjs.org/minimatch
npm verb request no auth needed
npm info attempt registry request try #1 at 10:46:19 AM
npm verb etag W/"590f633e-d1b5"
npm verb lastModified Sun, 07 May 2017 18:11:10 GMT
npm http request GET https://registry.npmjs.org/minimatch
npm http 304 https://registry.npmjs.org/minimatch
npm verb headers { date: 'Fri, 12 May 2017 14:46:19 GMT',
npm verb headers   via: '1.1 varnish',
npm verb headers   'cache-control': 'max-age=300',
npm verb headers   etag: 'W/"590f633e-d1b5"',
npm verb headers   age: '153',
npm verb headers   connection: 'close',
npm verb headers   'x-served-by': 'cache-dfw1838-DFW',
npm verb headers   'x-cache': 'HIT',
npm verb headers   'x-cache-hits': '14',
npm verb headers   'x-timer': 'S1494600380.710371,VS0,VE0',
npm verb headers   vary: 'Accept-Encoding' }
npm verb etag https://registry.npmjs.org/minimatch from cache
npm verb get saving minimatch to /home/n0252056/.npm/registry.npmjs.org/minimatch/.cache.json
npm verb correctMkdir /home/n0252056/.npm correctMkdir not in flight; initializing
npm verb cache add spec minimatch@^3.0.2
npm verb addNamed ">=3.0.2 <4.0.0" is a valid semver range for minimatch
npm verb addNameRange registry:https://registry.npmjs.org/minimatch not in flight; fetching
npm http 304 https://registry.npmjs.org/fs.realpath
npm verb headers { date: 'Fri, 12 May 2017 14:46:19 GMT',
npm verb headers   via: '1.1 varnish',
npm verb headers   'cache-control': 'max-age=300',
npm verb headers   etag: 'W/"5818d000-107b"',
npm verb headers   age: '159',
npm verb headers   connection: 'close',
npm verb headers   'x-served-by': 'cache-dfw1836-DFW',
npm verb headers   'x-cache': 'HIT',
npm verb headers   'x-cache-hits': '8',
npm verb headers   'x-timer': 'S1494600380.708625,VS0,VE0',
npm verb headers   vary: 'Accept-Encoding' }
npm verb etag https://registry.npmjs.org/fs.realpath from cache
npm verb get saving fs.realpath to /home/n0252056/.npm/registry.npmjs.org/fs.realpath/.cache.json
npm verb correctMkdir /home/n0252056/.npm correctMkdir not in flight; initializing
npm verb get https://registry.npmjs.org/minimatch not expired, no request
npm verb addNamed "3.0.4" is a plain semver version for minimatch
npm verb afterAdd /home/n0252056/.npm/minimatch/3.0.4/package/package.json not in flight; writing
npm verb correctMkdir /home/n0252056/.npm correctMkdir not in flight; initializing
npm verb cache add spec fs.realpath@^1.0.0
npm verb addNamed ">=1.0.0 <2.0.0" is a valid semver range for fs.realpath
npm verb addNameRange registry:https://registry.npmjs.org/fs.realpath not in flight; fetching
npm verb get https://registry.npmjs.org/fs.realpath not expired, no request
npm verb addNamed "1.0.0" is a plain semver version for fs.realpath
npm verb afterAdd /home/n0252056/.npm/minimatch/3.0.4/package/package.json written
npm verb afterAdd /home/n0252056/.npm/fs.realpath/1.0.0/package/package.json not in flight; writing
npm verb correctMkdir /home/n0252056/.npm correctMkdir not in flight; initializing
npm verb afterAdd /home/n0252056/.npm/fs.realpath/1.0.0/package/package.json written
npm verb request uri https://registry.npmjs.org/brace-expansion
npm verb request no auth needed
npm info attempt registry request try #1 at 10:46:19 AM
npm verb etag W/"58e74a3f-52db"
npm verb lastModified Fri, 07 Apr 2017 08:13:51 GMT
npm http request GET https://registry.npmjs.org/brace-expansion
npm http 304 https://registry.npmjs.org/brace-expansion
npm verb headers { date: 'Fri, 12 May 2017 14:46:19 GMT',
npm verb headers   via: '1.1 varnish',
npm verb headers   'cache-control': 'max-age=300',
npm verb headers   etag: 'W/"58e74a3f-52db"',
npm verb headers   age: '269',
npm verb headers   connection: 'close',
npm verb headers   'x-served-by': 'cache-dfw1836-DFW',
npm verb headers   'x-cache': 'HIT',
npm verb headers   'x-cache-hits': '13',
npm verb headers   'x-timer': 'S1494600380.963030,VS0,VE0',
npm verb headers   vary: 'Accept-Encoding' }
npm verb etag https://registry.npmjs.org/brace-expansion from cache
npm verb get saving brace-expansion to /home/n0252056/.npm/registry.npmjs.org/brace-expansion/.cache.json
npm verb correctMkdir /home/n0252056/.npm correctMkdir not in flight; initializing
npm verb cache add spec brace-expansion@^1.1.7
npm verb addNamed ">=1.1.7 <2.0.0" is a valid semver range for brace-expansion
npm verb addNameRange registry:https://registry.npmjs.org/brace-expansion not in flight; fetching
npm verb get https://registry.npmjs.org/brace-expansion not expired, no request
npm verb addNamed "1.1.7" is a plain semver version for brace-expansion
npm verb afterAdd /home/n0252056/.npm/brace-expansion/1.1.7/package/package.json not in flight; writing
npm verb correctMkdir /home/n0252056/.npm correctMkdir not in flight; initializing
npm verb afterAdd /home/n0252056/.npm/brace-expansion/1.1.7/package/package.json written
npm verb request uri https://registry.npmjs.org/abbrev
npm verb request no auth needed
npm info attempt registry request try #1 at 10:46:20 AM
npm verb etag W/"58daf047-1e6e"
npm verb lastModified Tue, 28 Mar 2017 23:22:47 GMT
npm http request GET https://registry.npmjs.org/abbrev
npm http 304 https://registry.npmjs.org/abbrev
npm verb headers { date: 'Fri, 12 May 2017 14:46:20 GMT',
npm verb headers   via: '1.1 varnish',
npm verb headers   'cache-control': 'max-age=300',
npm verb headers   etag: 'W/"58daf047-1e6e"',
npm verb headers   age: '239',
npm verb headers   connection: 'close',
npm verb headers   'x-served-by': 'cache-dfw1841-DFW',
npm verb headers   'x-cache': 'HIT',
npm verb headers   'x-cache-hits': '8',
npm verb headers   'x-timer': 'S1494600380.221474,VS0,VE0',
npm verb headers   vary: 'Accept-Encoding' }
npm verb etag https://registry.npmjs.org/abbrev from cache
npm verb get saving abbrev to /home/n0252056/.npm/registry.npmjs.org/abbrev/.cache.json
npm verb correctMkdir /home/n0252056/.npm correctMkdir not in flight; initializing
npm verb cache add spec abbrev@1
npm verb addNamed ">=1.0.0 <2.0.0" is a valid semver range for abbrev
npm verb addNameRange registry:https://registry.npmjs.org/abbrev not in flight; fetching
npm verb get https://registry.npmjs.org/abbrev not expired, no request
npm verb addNamed "1.1.0" is a plain semver version for abbrev
npm verb afterAdd /home/n0252056/.npm/abbrev/1.1.0/package/package.json not in flight; writing
npm verb correctMkdir /home/n0252056/.npm correctMkdir not in flight; initializing
npm verb afterAdd /home/n0252056/.npm/abbrev/1.1.0/package/package.json written
npm verb request uri https://registry.npmjs.org/ansi
npm verb request no auth needed
npm info attempt registry request try #1 at 10:46:20 AM
npm verb etag W/"58a042d5-3edb"
npm verb lastModified Sun, 12 Feb 2017 11:11:17 GMT
npm http request GET https://registry.npmjs.org/ansi
npm http 304 https://registry.npmjs.org/ansi
npm verb headers { date: 'Fri, 12 May 2017 14:46:20 GMT',
npm verb headers   via: '1.1 varnish',
npm verb headers   'cache-control': 'max-age=300',
npm verb headers   etag: 'W/"58a042d5-3edb"',
npm verb headers   age: '279',
npm verb headers   connection: 'close',
npm verb headers   'x-served-by': 'cache-dfw1831-DFW',
npm verb headers   'x-cache': 'HIT',
npm verb headers   'x-cache-hits': '3',
npm verb headers   'x-timer': 'S1494600380.470467,VS0,VE0',
npm verb headers   vary: 'Accept-Encoding' }
npm verb etag https://registry.npmjs.org/ansi from cache
npm verb get saving ansi to /home/n0252056/.npm/registry.npmjs.org/ansi/.cache.json
npm verb correctMkdir /home/n0252056/.npm correctMkdir not in flight; initializing
npm verb cache add spec ansi@~0.3.0
npm verb addNamed ">=0.3.0 <0.4.0" is a valid semver range for ansi
npm verb addNameRange registry:https://registry.npmjs.org/ansi not in flight; fetching
npm verb get https://registry.npmjs.org/ansi not expired, no request
npm verb addNamed "0.3.1" is a plain semver version for ansi
npm verb afterAdd /home/n0252056/.npm/ansi/0.3.1/package/package.json not in flight; writing
npm verb correctMkdir /home/n0252056/.npm correctMkdir not in flight; initializing
npm verb afterAdd /home/n0252056/.npm/ansi/0.3.1/package/package.json written
npm verb request uri https://registry.npmjs.org/os-homedir
npm verb request no auth needed
npm info attempt registry request try #1 at 10:46:20 AM
npm verb etag W/"5815a488-19ee"
npm verb lastModified Sun, 30 Oct 2016 07:43:04 GMT
npm http request GET https://registry.npmjs.org/os-homedir
npm verb request uri https://registry.npmjs.org/os-tmpdir
npm verb request no auth needed
npm info attempt registry request try #1 at 10:46:20 AM
npm verb etag W/"57edf00a-1497"
npm verb lastModified Fri, 30 Sep 2016 04:54:34 GMT
npm http request GET https://registry.npmjs.org/os-tmpdir
npm http 304 https://registry.npmjs.org/os-homedir
npm verb headers { date: 'Fri, 12 May 2017 14:46:20 GMT',
npm verb headers   via: '1.1 varnish',
npm verb headers   'cache-control': 'max-age=300',
npm verb headers   etag: 'W/"5815a488-19ee"',
npm verb headers   age: '201',
npm verb headers   connection: 'close',
npm verb headers   'x-served-by': 'cache-dfw1825-DFW',
npm verb headers   'x-cache': 'HIT',
npm verb headers   'x-cache-hits': '3',
npm verb headers   'x-timer': 'S1494600381.779010,VS0,VE0',
npm verb headers   vary: 'Accept-Encoding' }
npm verb etag https://registry.npmjs.org/os-homedir from cache
npm verb get saving os-homedir to /home/n0252056/.npm/registry.npmjs.org/os-homedir/.cache.json
npm verb correctMkdir /home/n0252056/.npm correctMkdir not in flight; initializing
npm verb cache add spec os-homedir@^1.0.0
npm verb addNamed ">=1.0.0 <2.0.0" is a valid semver range for os-homedir
npm verb addNameRange registry:https://registry.npmjs.org/os-homedir not in flight; fetching
npm verb get https://registry.npmjs.org/os-homedir not expired, no request
npm verb addNamed "1.0.2" is a plain semver version for os-homedir
npm verb afterAdd /home/n0252056/.npm/os-homedir/1.0.2/package/package.json not in flight; writing
npm verb correctMkdir /home/n0252056/.npm correctMkdir not in flight; initializing
npm verb afterAdd /home/n0252056/.npm/os-homedir/1.0.2/package/package.json written
npm http 304 https://registry.npmjs.org/os-tmpdir
npm verb headers { date: 'Fri, 12 May 2017 14:46:20 GMT',
npm verb headers   via: '1.1 varnish',
npm verb headers   'cache-control': 'max-age=300',
npm verb headers   etag: 'W/"57edf00a-1497"',
npm verb headers   age: '173',
npm verb headers   connection: 'close',
npm verb headers   'x-served-by': 'cache-dfw1829-DFW',
npm verb headers   'x-cache': 'HIT',
npm verb headers   'x-cache-hits': '8',
npm verb headers   'x-timer': 'S1494600381.801818,VS0,VE0',
npm verb headers   vary: 'Accept-Encoding' }
npm verb etag https://registry.npmjs.org/os-tmpdir from cache
npm verb get saving os-tmpdir to /home/n0252056/.npm/registry.npmjs.org/os-tmpdir/.cache.json
npm verb correctMkdir /home/n0252056/.npm correctMkdir not in flight; initializing
npm verb cache add spec os-tmpdir@^1.0.0
npm verb addNamed ">=1.0.0 <2.0.0" is a valid semver range for os-tmpdir
npm verb addNameRange registry:https://registry.npmjs.org/os-tmpdir not in flight; fetching
npm verb get https://registry.npmjs.org/os-tmpdir not expired, no request
npm verb addNamed "1.0.2" is a plain semver version for os-tmpdir
npm verb afterAdd /home/n0252056/.npm/os-tmpdir/1.0.2/package/package.json not in flight; writing
npm verb correctMkdir /home/n0252056/.npm correctMkdir not in flight; initializing
npm verb afterAdd /home/n0252056/.npm/os-tmpdir/1.0.2/package/package.json written
npm verb request uri https://registry.npmjs.org/block-stream
npm verb request no auth needed
npm info attempt registry request try #1 at 10:46:20 AM
npm verb etag W/"5726a2df-1d30"
npm verb lastModified Mon, 02 May 2016 00:44:15 GMT
npm http request GET https://registry.npmjs.org/block-stream
npm http 304 https://registry.npmjs.org/block-stream
npm verb headers { date: 'Fri, 12 May 2017 14:46:21 GMT',
npm verb headers   via: '1.1 varnish',
npm verb headers   'cache-control': 'max-age=300',
npm verb headers   etag: 'W/"5726a2df-1d30"',
npm verb headers   age: '51',
npm verb headers   connection: 'close',
npm verb headers   'x-served-by': 'cache-dfw1839-DFW',
npm verb headers   'x-cache': 'HIT',
npm verb headers   'x-cache-hits': '1',
npm verb headers   'x-timer': 'S1494600381.111219,VS0,VE0',
npm verb headers   vary: 'Accept-Encoding' }
npm verb etag https://registry.npmjs.org/block-stream from cache
npm verb get saving block-stream to /home/n0252056/.npm/registry.npmjs.org/block-stream/.cache.json
npm verb correctMkdir /home/n0252056/.npm correctMkdir not in flight; initializing
npm verb cache add spec block-stream@*
npm verb addNamed "*" is a valid semver range for block-stream
npm verb addNameRange registry:https://registry.npmjs.org/block-stream not in flight; fetching
npm verb get https://registry.npmjs.org/block-stream not expired, no request
npm verb addNamed "0.0.9" is a plain semver version for block-stream
npm verb afterAdd /home/n0252056/.npm/block-stream/0.0.9/package/package.json not in flight; writing
npm verb correctMkdir /home/n0252056/.npm correctMkdir not in flight; initializing
npm verb afterAdd /home/n0252056/.npm/block-stream/0.0.9/package/package.json written
npm verb request uri https://registry.npmjs.org/isexe
npm verb request no auth needed
npm info attempt registry request try #1 at 10:46:21 AM
npm verb etag W/"58d31c7c-2169"
npm verb lastModified Thu, 23 Mar 2017 00:53:16 GMT
npm http request GET https://registry.npmjs.org/isexe
npm http 304 https://registry.npmjs.org/isexe
npm verb headers { date: 'Fri, 12 May 2017 14:46:21 GMT',
npm verb headers   via: '1.1 varnish',
npm verb headers   'cache-control': 'max-age=300',
npm verb headers   etag: 'W/"58d31c7c-2169"',
npm verb headers   age: '218',
npm verb headers   connection: 'close',
npm verb headers   'x-served-by': 'cache-dfw1838-DFW',
npm verb headers   'x-cache': 'HIT',
npm verb headers   'x-cache-hits': '7',
npm verb headers   'x-timer': 'S1494600381.334994,VS0,VE0',
npm verb headers   vary: 'Accept-Encoding' }
npm verb etag https://registry.npmjs.org/isexe from cache
npm verb get saving isexe to /home/n0252056/.npm/registry.npmjs.org/isexe/.cache.json
npm verb correctMkdir /home/n0252056/.npm correctMkdir not in flight; initializing
npm verb cache add spec isexe@^2.0.0
npm verb addNamed ">=2.0.0 <3.0.0" is a valid semver range for isexe
npm verb addNameRange registry:https://registry.npmjs.org/isexe not in flight; fetching
npm verb get https://registry.npmjs.org/isexe not expired, no request
npm verb addNamed "2.0.0" is a plain semver version for isexe
npm verb afterAdd /home/n0252056/.npm/isexe/2.0.0/package/package.json not in flight; writing
npm verb correctMkdir /home/n0252056/.npm correctMkdir not in flight; initializing
npm verb afterAdd /home/n0252056/.npm/isexe/2.0.0/package/package.json written
npm verb correctMkdir /home/n0252056/.npm/_locks correctMkdir not in flight; initializing
npm verb lock using /home/n0252056/.npm/_locks/staging-70f910e3e911b779.lock for /usr/git/Angular/MySite/node_modules/.staging
npm verb unbuild node_modules/.staging/abbrev-c0db4f2b
npm verb unbuild node_modules/.staging/ansi-46b3e08e
npm verb unbuild node_modules/.staging/block-stream-3c6f9365
npm verb unbuild node_modules/.staging/fs.realpath-8a48af9a
npm verb unbuild node_modules/.staging/graceful-fs-965b64d0
npm verb unbuild node_modules/.staging/isexe-b49bdf64
npm verb unbuild node_modules/.staging/natives-42eaac2d
npm verb unbuild node_modules/.staging/graceful-fs-940b434e
npm verb unbuild node_modules/.staging/npmlog-13b64af7
npm verb unbuild node_modules/.staging/os-homedir-9d166699
npm verb unbuild node_modules/.staging/os-tmpdir-0a92ed00
npm verb unbuild node_modules/.staging/osenv-52911a8e
npm verb unbuild node_modules/.staging/brace-expansion-756606f6
npm verb unbuild node_modules/.staging/minimatch-19591728
npm verb unbuild node_modules/.staging/glob-d31aea4d
npm verb unbuild node_modules/.staging/fstream-199730a8
npm verb unbuild node_modules/.staging/tar-e72eb355
npm verb unbuild node_modules/.staging/node-krb5-85580842
npm verb unbuild node_modules/.staging/semver-f9aabbe1
npm verb unbuild node_modules/.staging/nopt-593de1ec
npm verb unbuild node_modules/.staging/rimraf-6bba5b35
npm verb unbuild node_modules/.staging/which-96650b9e
npm verb unbuild node_modules/.staging/node-gyp-a641f136
npm verb gentlyRm don't care about contents; nuking /usr/git/Angular/MySite/node_modules/.staging/abbrev-c0db4f2b
npm verb gentlyRm don't care about contents; nuking /usr/git/Angular/MySite/node_modules/.staging/ansi-46b3e08e
npm verb gentlyRm don't care about contents; nuking /usr/git/Angular/MySite/node_modules/.staging/block-stream-3c6f9365
npm verb gentlyRm don't care about contents; nuking /usr/git/Angular/MySite/node_modules/.staging/fs.realpath-8a48af9a
npm verb gentlyRm don't care about contents; nuking /usr/git/Angular/MySite/node_modules/.staging/graceful-fs-965b64d0
npm verb gentlyRm don't care about contents; nuking /usr/git/Angular/MySite/node_modules/.staging/isexe-b49bdf64
npm verb gentlyRm don't care about contents; nuking /usr/git/Angular/MySite/node_modules/.staging/natives-42eaac2d
npm verb gentlyRm don't care about contents; nuking /usr/git/Angular/MySite/node_modules/.staging/graceful-fs-940b434e
npm verb gentlyRm don't care about contents; nuking /usr/git/Angular/MySite/node_modules/.staging/npmlog-13b64af7
npm verb gentlyRm don't care about contents; nuking /usr/git/Angular/MySite/node_modules/.staging/os-homedir-9d166699
npm verb gentlyRm don't care about contents; nuking /usr/git/Angular/MySite/node_modules/.staging/os-tmpdir-0a92ed00
npm verb gentlyRm don't care about contents; nuking /usr/git/Angular/MySite/node_modules/.staging/osenv-52911a8e
npm verb gentlyRm don't care about contents; nuking /usr/git/Angular/MySite/node_modules/.staging/brace-expansion-756606f6
npm verb gentlyRm don't care about contents; nuking /usr/git/Angular/MySite/node_modules/.staging/minimatch-19591728
npm verb gentlyRm don't care about contents; nuking /usr/git/Angular/MySite/node_modules/.staging/glob-d31aea4d
npm verb gentlyRm don't care about contents; nuking /usr/git/Angular/MySite/node_modules/.staging/fstream-199730a8
npm verb gentlyRm don't care about contents; nuking /usr/git/Angular/MySite/node_modules/.staging/tar-e72eb355
npm verb gentlyRm don't care about contents; nuking /usr/git/Angular/MySite/node_modules/.staging/node-krb5-85580842
npm verb tar unpack /home/n0252056/.npm/abbrev/1.1.0/package.tgz
npm verb tar unpacking to /usr/git/Angular/MySite/node_modules/.staging/abbrev-c0db4f2b
npm verb gentlyRm don't care about contents; nuking /usr/git/Angular/MySite/node_modules/.staging/abbrev-c0db4f2b
npm verb tar unpack /home/n0252056/.npm/ansi/0.3.1/package.tgz
npm verb tar unpacking to /usr/git/Angular/MySite/node_modules/.staging/ansi-46b3e08e
npm verb gentlyRm don't care about contents; nuking /usr/git/Angular/MySite/node_modules/.staging/ansi-46b3e08e
npm verb tar unpack /home/n0252056/.npm/block-stream/0.0.9/package.tgz
npm verb tar unpacking to /usr/git/Angular/MySite/node_modules/.staging/block-stream-3c6f9365
npm verb gentlyRm don't care about contents; nuking /usr/git/Angular/MySite/node_modules/.staging/block-stream-3c6f9365
npm verb tar unpack /home/n0252056/.npm/fs.realpath/1.0.0/package.tgz
npm verb tar unpacking to /usr/git/Angular/MySite/node_modules/.staging/fs.realpath-8a48af9a
npm verb gentlyRm don't care about contents; nuking /usr/git/Angular/MySite/node_modules/.staging/fs.realpath-8a48af9a
npm verb tar unpack /home/n0252056/.npm/graceful-fs/2.0.3/package.tgz
npm verb tar unpacking to /usr/git/Angular/MySite/node_modules/.staging/graceful-fs-965b64d0
npm verb gentlyRm don't care about contents; nuking /usr/git/Angular/MySite/node_modules/.staging/graceful-fs-965b64d0
npm verb tar unpack /home/n0252056/.npm/isexe/2.0.0/package.tgz
npm verb tar unpacking to /usr/git/Angular/MySite/node_modules/.staging/isexe-b49bdf64
npm verb gentlyRm don't care about contents; nuking /usr/git/Angular/MySite/node_modules/.staging/isexe-b49bdf64
npm verb tar unpack /home/n0252056/.npm/natives/1.1.0/package.tgz
npm verb tar unpacking to /usr/git/Angular/MySite/node_modules/.staging/natives-42eaac2d
npm verb gentlyRm don't care about contents; nuking /usr/git/Angular/MySite/node_modules/.staging/natives-42eaac2d
npm verb tar unpack /home/n0252056/.npm/graceful-fs/3.0.11/package.tgz
npm verb tar unpacking to /usr/git/Angular/MySite/node_modules/.staging/graceful-fs-940b434e
npm verb gentlyRm don't care about contents; nuking /usr/git/Angular/MySite/node_modules/.staging/graceful-fs-940b434e
npm verb gentlyRm don't care about contents; nuking /usr/git/Angular/MySite/node_modules/.staging/semver-f9aabbe1
npm verb gentlyRm don't care about contents; nuking /usr/git/Angular/MySite/node_modules/.staging/nopt-593de1ec
npm verb tar unpack /home/n0252056/.npm/npmlog/0.1.1/package.tgz
npm verb tar unpacking to /usr/git/Angular/MySite/node_modules/.staging/npmlog-13b64af7
npm verb gentlyRm don't care about contents; nuking /usr/git/Angular/MySite/node_modules/.staging/npmlog-13b64af7
npm verb tar unpack /home/n0252056/.npm/os-homedir/1.0.2/package.tgz
npm verb tar unpacking to /usr/git/Angular/MySite/node_modules/.staging/os-homedir-9d166699
npm verb gentlyRm don't care about contents; nuking /usr/git/Angular/MySite/node_modules/.staging/os-homedir-9d166699
npm verb tar unpack /home/n0252056/.npm/os-tmpdir/1.0.2/package.tgz
npm verb tar unpacking to /usr/git/Angular/MySite/node_modules/.staging/os-tmpdir-0a92ed00
npm verb gentlyRm don't care about contents; nuking /usr/git/Angular/MySite/node_modules/.staging/os-tmpdir-0a92ed00
npm verb tar unpack /home/n0252056/.npm/osenv/0.1.4/package.tgz
npm verb tar unpacking to /usr/git/Angular/MySite/node_modules/.staging/osenv-52911a8e
npm verb gentlyRm don't care about contents; nuking /usr/git/Angular/MySite/node_modules/.staging/osenv-52911a8e
npm verb tar unpack /home/n0252056/.npm/brace-expansion/1.1.7/package.tgz
npm verb tar unpacking to /usr/git/Angular/MySite/node_modules/.staging/brace-expansion-756606f6
npm verb gentlyRm don't care about contents; nuking /usr/git/Angular/MySite/node_modules/.staging/brace-expansion-756606f6
npm verb tar unpack /home/n0252056/.npm/minimatch/3.0.4/package.tgz
npm verb tar unpacking to /usr/git/Angular/MySite/node_modules/.staging/minimatch-19591728
npm verb gentlyRm don't care about contents; nuking /usr/git/Angular/MySite/node_modules/.staging/minimatch-19591728
npm verb tar unpack /home/n0252056/.npm/glob/7.1.1/package.tgz
npm verb tar unpacking to /usr/git/Angular/MySite/node_modules/.staging/glob-d31aea4d
npm verb gentlyRm don't care about contents; nuking /usr/git/Angular/MySite/node_modules/.staging/glob-d31aea4d
npm verb gentlyRm don't care about contents; nuking /usr/git/Angular/MySite/node_modules/.staging/rimraf-6bba5b35
npm verb tar unpack /home/n0252056/.npm/fstream/0.1.31/package.tgz
npm verb tar unpacking to /usr/git/Angular/MySite/node_modules/.staging/fstream-199730a8
npm verb gentlyRm don't care about contents; nuking /usr/git/Angular/MySite/node_modules/.staging/fstream-199730a8
npm verb tar unpack /home/n0252056/.npm/tar/0.1.20/package.tgz
npm verb tar unpacking to /usr/git/Angular/MySite/node_modules/.staging/tar-e72eb355
npm verb gentlyRm don't care about contents; nuking /usr/git/Angular/MySite/node_modules/.staging/tar-e72eb355
npm verb gentlyRm don't care about contents; nuking /usr/git/Angular/MySite/node_modules/.staging/which-96650b9e
npm verb gentlyRm don't care about contents; nuking /usr/git/Angular/MySite/node_modules/.staging/node-gyp-a641f136
npm verb tar unpack /home/n0252056/.npm/node-krb5/0.0.6/package.tgz
npm verb tar unpacking to /usr/git/Angular/MySite/node_modules/.staging/node-krb5-85580842
npm verb gentlyRm don't care about contents; nuking /usr/git/Angular/MySite/node_modules/.staging/node-krb5-85580842
npm verb tar unpack /home/n0252056/.npm/semver/2.2.1/package.tgz
npm verb tar unpacking to /usr/git/Angular/MySite/node_modules/.staging/semver-f9aabbe1
npm verb gentlyRm don't care about contents; nuking /usr/git/Angular/MySite/node_modules/.staging/semver-f9aabbe1
npm verb tar unpack /home/n0252056/.npm/nopt/2.2.1/package.tgz
npm verb tar unpacking to /usr/git/Angular/MySite/node_modules/.staging/nopt-593de1ec
npm verb gentlyRm don't care about contents; nuking /usr/git/Angular/MySite/node_modules/.staging/nopt-593de1ec
npm verb tar unpack /home/n0252056/.npm/rimraf/2.6.1/package.tgz
npm verb tar unpacking to /usr/git/Angular/MySite/node_modules/.staging/rimraf-6bba5b35
npm verb gentlyRm don't care about contents; nuking /usr/git/Angular/MySite/node_modules/.staging/rimraf-6bba5b35
npm verb tar unpack /home/n0252056/.npm/which/1.2.14/package.tgz
npm verb tar unpacking to /usr/git/Angular/MySite/node_modules/.staging/which-96650b9e
npm verb gentlyRm don't care about contents; nuking /usr/git/Angular/MySite/node_modules/.staging/which-96650b9e
npm verb tar unpack /home/n0252056/.npm/node-gyp/0.13.1/package.tgz
npm verb tar unpacking to /usr/git/Angular/MySite/node_modules/.staging/node-gyp-a641f136
npm verb gentlyRm don't care about contents; nuking /usr/git/Angular/MySite/node_modules/.staging/node-gyp-a641f136
npm verb gentlyRm don't care about contents; nuking /usr/git/Angular/MySite/node_modules/.staging/natives-42eaac2d/node_modules
npm verb gentlyRm don't care about contents; nuking /usr/git/Angular/MySite/node_modules/.staging/brace-expansion-756606f6/node_modules
npm verb gentlyRm don't care about contents; nuking /usr/git/Angular/MySite/node_modules/.staging/abbrev-c0db4f2b/node_modules
npm verb gentlyRm don't care about contents; nuking /usr/git/Angular/MySite/node_modules/.staging/os-homedir-9d166699/node_modules
npm verb gentlyRm don't care about contents; nuking /usr/git/Angular/MySite/node_modules/.staging/os-tmpdir-0a92ed00/node_modules
npm verb gentlyRm don't care about contents; nuking /usr/git/Angular/MySite/node_modules/.staging/minimatch-19591728/node_modules
npm verb gentlyRm don't care about contents; nuking /usr/git/Angular/MySite/node_modules/.staging/block-stream-3c6f9365/node_modules
npm verb gentlyRm don't care about contents; nuking /usr/git/Angular/MySite/node_modules/.staging/fs.realpath-8a48af9a/node_modules
npm verb gentlyRm don't care about contents; nuking /usr/git/Angular/MySite/node_modules/.staging/node-krb5-85580842/node_modules
npm verb gentlyRm don't care about contents; nuking /usr/git/Angular/MySite/node_modules/.staging/rimraf-6bba5b35/node_modules
npm verb gentlyRm don't care about contents; nuking /usr/git/Angular/MySite/node_modules/.staging/which-96650b9e/node_modules
npm verb gentlyRm don't care about contents; nuking /usr/git/Angular/MySite/node_modules/.staging/npmlog-13b64af7/node_modules
npm verb gentlyRm don't care about contents; nuking /usr/git/Angular/MySite/node_modules/.staging/glob-d31aea4d/node_modules
npm verb gentlyRm don't care about contents; nuking /usr/git/Angular/MySite/node_modules/.staging/graceful-fs-965b64d0/node_modules
npm verb gentlyRm don't care about contents; nuking /usr/git/Angular/MySite/node_modules/.staging/isexe-b49bdf64/node_modules
npm verb gentlyRm don't care about contents; nuking /usr/git/Angular/MySite/node_modules/.staging/nopt-593de1ec/node_modules
npm verb gentlyRm don't care about contents; nuking /usr/git/Angular/MySite/node_modules/.staging/osenv-52911a8e/node_modules
npm verb gentlyRm don't care about contents; nuking /usr/git/Angular/MySite/node_modules/.staging/graceful-fs-940b434e/node_modules
npm verb gentlyRm don't care about contents; nuking /usr/git/Angular/MySite/node_modules/.staging/ansi-46b3e08e/node_modules
npm verb gentlyRm don't care about contents; nuking /usr/git/Angular/MySite/node_modules/.staging/semver-f9aabbe1/node_modules
npm verb gentlyRm don't care about contents; nuking /usr/git/Angular/MySite/node_modules/.staging/fstream-199730a8/node_modules
npm verb gentlyRm don't care about contents; nuking /usr/git/Angular/MySite/node_modules/.staging/tar-e72eb355/node_modules
npm verb gentlyRm don't care about contents; nuking /usr/git/Angular/MySite/node_modules/.staging/node-gyp-a641f136/node_modules
npm info lifecycle abbrev@1.1.0~preinstall: abbrev@1.1.0
npm info lifecycle ansi@0.3.1~preinstall: ansi@0.3.1
npm info lifecycle block-stream@0.0.9~preinstall: block-stream@0.0.9
npm info lifecycle fs.realpath@1.0.0~preinstall: fs.realpath@1.0.0
npm info lifecycle graceful-fs@2.0.3~preinstall: graceful-fs@2.0.3
npm info lifecycle isexe@2.0.0~preinstall: isexe@2.0.0
npm info lifecycle natives@1.1.0~preinstall: natives@1.1.0
npm info lifecycle graceful-fs@3.0.11~preinstall: graceful-fs@3.0.11
npm info lifecycle semver@2.2.1~preinstall: semver@2.2.1
npm info lifecycle nopt@2.2.1~preinstall: nopt@2.2.1
npm info lifecycle npmlog@0.1.1~preinstall: npmlog@0.1.1
npm info lifecycle os-homedir@1.0.2~preinstall: os-homedir@1.0.2
npm info lifecycle os-tmpdir@1.0.2~preinstall: os-tmpdir@1.0.2
npm info lifecycle osenv@0.1.4~preinstall: osenv@0.1.4
npm info lifecycle brace-expansion@1.1.7~preinstall: brace-expansion@1.1.7
npm info lifecycle minimatch@3.0.4~preinstall: minimatch@3.0.4
npm info lifecycle glob@7.1.1~preinstall: glob@7.1.1
npm info lifecycle rimraf@2.6.1~preinstall: rimraf@2.6.1
npm info lifecycle fstream@0.1.31~preinstall: fstream@0.1.31
npm info lifecycle tar@0.1.20~preinstall: tar@0.1.20
npm info lifecycle which@1.2.14~preinstall: which@1.2.14
npm info lifecycle node-gyp@0.13.1~preinstall: node-gyp@0.13.1
npm info lifecycle node-krb5@0.0.6~preinstall: node-krb5@0.0.6
npm info linkStuff abbrev@1.1.0
npm verb linkBins abbrev@1.1.0
npm verb linkMans abbrev@1.1.0
npm info linkStuff ansi@0.3.1
npm verb linkBins ansi@0.3.1
npm verb linkMans ansi@0.3.1
npm info linkStuff block-stream@0.0.9
npm verb linkBins block-stream@0.0.9
npm verb linkMans block-stream@0.0.9
npm info linkStuff fs.realpath@1.0.0
npm verb linkBins fs.realpath@1.0.0
npm verb linkMans fs.realpath@1.0.0
npm info linkStuff graceful-fs@2.0.3
npm verb linkBins graceful-fs@2.0.3
npm verb linkMans graceful-fs@2.0.3
npm info linkStuff isexe@2.0.0
npm verb linkBins isexe@2.0.0
npm verb linkMans isexe@2.0.0
npm info linkStuff natives@1.1.0
npm verb linkBins natives@1.1.0
npm verb linkMans natives@1.1.0
npm info linkStuff graceful-fs@3.0.11
npm verb linkBins graceful-fs@3.0.11
npm verb linkMans graceful-fs@3.0.11
npm info linkStuff semver@2.2.1
npm verb linkBins semver@2.2.1
npm verb link bins [ { semver: './bin/semver' },
npm verb link bins   '/usr/git/Angular/MySite/node_modules/node-gyp/node_modules/.bin',
npm verb link bins   false ]
npm verb linkMans semver@2.2.1
npm verb gentlyRm don't care about contents; nuking /usr/git/Angular/MySite/node_modules/node-gyp/node_modules/.bin/semver
npm info linkStuff nopt@2.2.1
npm verb linkBins nopt@2.2.1
npm verb link bins [ { nopt: './bin/nopt.js' },
npm verb link bins   '/usr/git/Angular/MySite/node_modules/.bin',
npm verb link bins   false ]
npm verb linkMans nopt@2.2.1
npm info linkStuff npmlog@0.1.1
npm verb linkBins npmlog@0.1.1
npm verb linkMans npmlog@0.1.1
npm info linkStuff os-homedir@1.0.2
npm verb linkBins os-homedir@1.0.2
npm verb linkMans os-homedir@1.0.2
npm info linkStuff os-tmpdir@1.0.2
npm verb linkBins os-tmpdir@1.0.2
npm verb linkMans os-tmpdir@1.0.2
npm info linkStuff osenv@0.1.4
npm verb linkBins osenv@0.1.4
npm verb linkMans osenv@0.1.4
npm info linkStuff brace-expansion@1.1.7
npm verb linkBins brace-expansion@1.1.7
npm verb linkMans brace-expansion@1.1.7
npm info linkStuff minimatch@3.0.4
npm verb linkBins minimatch@3.0.4
npm verb linkMans minimatch@3.0.4
npm info linkStuff glob@7.1.1
npm verb linkBins glob@7.1.1
npm verb linkMans glob@7.1.1
npm info linkStuff rimraf@2.6.1
npm verb linkBins rimraf@2.6.1
npm verb link bins [ { rimraf: './bin.js' },
npm verb link bins   '/usr/git/Angular/MySite/node_modules/.bin',
npm verb link bins   false ]
npm verb linkMans rimraf@2.6.1
npm info linkStuff fstream@0.1.31
npm verb linkBins fstream@0.1.31
npm verb linkMans fstream@0.1.31
npm info linkStuff tar@0.1.20
npm verb linkBins tar@0.1.20
npm verb linkMans tar@0.1.20
npm info linkStuff which@1.2.14
npm verb linkBins which@1.2.14
npm verb link bins [ { which: './bin/which' },
npm verb link bins   '/usr/git/Angular/MySite/node_modules/.bin',
npm verb link bins   false ]
npm verb linkMans which@1.2.14
npm info linkStuff node-gyp@0.13.1
npm WARN prefer global node-gyp@0.13.1 should be installed with -g
npm verb linkBins node-gyp@0.13.1
npm verb link bins [ { 'node-gyp': './bin/node-gyp.js' },
npm verb link bins   '/usr/git/Angular/MySite/node_modules/.bin',
npm verb link bins   false ]
npm verb linkMans node-gyp@0.13.1
npm info linkStuff node-krb5@0.0.6
npm verb linkBins node-krb5@0.0.6
npm verb linkMans node-krb5@0.0.6
npm info lifecycle abbrev@1.1.0~install: abbrev@1.1.0
npm info lifecycle ansi@0.3.1~install: ansi@0.3.1
npm info lifecycle block-stream@0.0.9~install: block-stream@0.0.9
npm info lifecycle fs.realpath@1.0.0~install: fs.realpath@1.0.0
npm info lifecycle graceful-fs@2.0.3~install: graceful-fs@2.0.3
npm info lifecycle isexe@2.0.0~install: isexe@2.0.0
npm info lifecycle natives@1.1.0~install: natives@1.1.0
npm info lifecycle graceful-fs@3.0.11~install: graceful-fs@3.0.11
npm info lifecycle semver@2.2.1~install: semver@2.2.1
npm info lifecycle nopt@2.2.1~install: nopt@2.2.1
npm info lifecycle npmlog@0.1.1~install: npmlog@0.1.1
npm info lifecycle os-homedir@1.0.2~install: os-homedir@1.0.2
npm info lifecycle os-tmpdir@1.0.2~install: os-tmpdir@1.0.2
npm info lifecycle osenv@0.1.4~install: osenv@0.1.4
npm info lifecycle brace-expansion@1.1.7~install: brace-expansion@1.1.7
npm info lifecycle minimatch@3.0.4~install: minimatch@3.0.4
npm info lifecycle glob@7.1.1~install: glob@7.1.1
npm info lifecycle rimraf@2.6.1~install: rimraf@2.6.1
npm info lifecycle fstream@0.1.31~install: fstream@0.1.31
npm info lifecycle tar@0.1.20~install: tar@0.1.20
npm info lifecycle which@1.2.14~install: which@1.2.14
npm info lifecycle node-gyp@0.13.1~install: node-gyp@0.13.1
npm info lifecycle node-krb5@0.0.6~install: node-krb5@0.0.6

> node-krb5@0.0.6 install /usr/git/Angular/MySite/node_modules/node-krb5
> node-gyp rebuild

gyp info it worked if it ends with ok
gyp verb cli [ '/usr/bin/node',
gyp verb cli   '/usr/lib/node_modules/npm/node_modules/node-gyp/bin/node-gyp.js',
gyp verb cli   'rebuild' ]
gyp info using node-gyp@3.4.0
gyp info using node@6.9.1 | linux | x64
gyp verb command rebuild []
gyp verb command clean []
gyp verb clean removing "build" directory
gyp verb command configure []
gyp verb check python checking for Python executable "python2" in the PATH
gyp verb `which` succeeded python2 /usr/bin/python2
gyp verb check python version `/usr/bin/python2 -c "import platform; print(platform.python_version());"` returned: "2.6.6\n"
gyp verb get node dir no --target version specified, falling back to host node version: 6.9.1
gyp verb command install [ '6.9.1' ]
gyp verb install input version string "6.9.1"
gyp verb install installing version: 6.9.1
gyp verb install --ensure was passed, so won't reinstall if already installed
gyp verb install version is already installed, need to check "installVersion"
gyp verb got "installVersion" 9
gyp verb needs "installVersion" 9
gyp verb install version is good
gyp verb get node dir target node version installed: 6.9.1
gyp verb build dir attempting to create "build" dir: /usr/git/Angular/MySite/node_modules/node-krb5/build
gyp verb build dir "build" dir needed to be created? /usr/git/Angular/MySite/node_modules/node-krb5/build
gyp verb build/config.gypi creating config file
gyp verb build/config.gypi writing out config file: /usr/git/Angular/MySite/node_modules/node-krb5/build/config.gypi
gyp verb config.gypi checking for gypi file: /usr/git/Angular/MySite/node_modules/node-krb5/config.gypi
gyp verb common.gypi checking for gypi file: /usr/git/Angular/MySite/node_modules/node-krb5/common.gypi
gyp verb gyp gyp format was not specified; forcing "make"
gyp info spawn /usr/bin/python2
gyp info spawn args [ '/usr/lib/node_modules/npm/node_modules/node-gyp/gyp/gyp_main.py',
gyp info spawn args   'binding.gyp',
gyp info spawn args   '-f',
gyp info spawn args   'make',
gyp info spawn args   '-I',
gyp info spawn args   '/usr/git/Angular/MySite/node_modules/node-krb5/build/config.gypi',
gyp info spawn args   '-I',
gyp info spawn args   '/usr/lib/node_modules/npm/node_modules/node-gyp/addon.gypi',
gyp info spawn args   '-I',
gyp info spawn args   '/home/n0252056/.node-gyp/6.9.1/include/node/common.gypi',
gyp info spawn args   '-Dlibrary=shared_library',
gyp info spawn args   '-Dvisibility=default',
gyp info spawn args   '-Dnode_root_dir=/home/n0252056/.node-gyp/6.9.1',
gyp info spawn args   '-Dnode_gyp_dir=/usr/lib/node_modules/npm/node_modules/node-gyp',
gyp info spawn args   '-Dnode_lib_file=node.lib',
gyp info spawn args   '-Dmodule_root_dir=/usr/git/Angular/MySite/node_modules/node-krb5',
gyp info spawn args   '--depth=.',
gyp info spawn args   '--no-parallel',
gyp info spawn args   '--generator-output',
gyp info spawn args   'build',
gyp info spawn args   '-Goutput_dir=.' ]
gyp verb command build []
gyp verb build type Release
gyp verb architecture x64
gyp verb node dev dir /home/n0252056/.node-gyp/6.9.1
gyp verb `which` succeeded for `make` /usr/bin/make
gyp info spawn make
gyp info spawn args [ 'V=1', 'BUILDTYPE=Release', '-C', 'build' ]
make: Entering directory `/usr/git/Angular/MySite/node_modules/node-krb5/build'
  g++ '-DNODE_GYP_MODULE_NAME=krb5' '-DUSING_UV_SHARED=1' '-DUSING_V8_SHARED=1' '-DV8_DEPRECATION_WARNINGS=1' '-D_LARGEFILE_SOURCE' '-D_FILE_OFFSET_BITS=64' '-DBUILDING_NODE_EXTENSION' -I/home/n0252056/.node-gyp/6.9.1/include/node -I/home/n0252056/.node-gyp/6.9.1/src -I/home/n0252056/.node-gyp/6.9.1/deps/uv/include -I/home/n0252056/.node-gyp/6.9.1/deps/v8/include -I/include -I/include/krb5 -I../../nan  -fPIC -pthread -Wall -Wextra -Wno-unused-parameter -m64 -O3 -fno-omit-frame-pointer -fno-rtti -fno-exceptions -std=gnu++0x -MMD -MF ./Release/.deps/Release/obj.target/krb5/src/krb5.o.d.raw   -c -o Release/obj.target/krb5/src/krb5.o ../src/krb5.cc
In file included from /home/n0252056/.node-gyp/6.9.1/include/node/node.h:42,
                 from ../../nan/nan.h:24,
                 from ../src/krb5.cc:1:
/home/n0252056/.node-gyp/6.9.1/include/node/v8.h:345: error: expected unqualified-id before using
/home/n0252056/.node-gyp/6.9.1/include/node/v8.h: In constructor v8::MaybeLocal<T>::MaybeLocal():
/home/n0252056/.node-gyp/6.9.1/include/node/v8.h:362: error: nullptr was not declared in this scope
/home/n0252056/.node-gyp/6.9.1/include/node/v8.h: In member function bool v8::MaybeLocal<T>::IsEmpty() const:
/home/n0252056/.node-gyp/6.9.1/include/node/v8.h:369: error: nullptr was not declared in this scope
/home/n0252056/.node-gyp/6.9.1/include/node/v8.h: In member function bool v8::MaybeLocal<T>::ToLocal(v8::Local<S>*) const:
/home/n0252056/.node-gyp/6.9.1/include/node/v8.h:373: error: nullptr was not declared in this scope
/home/n0252056/.node-gyp/6.9.1/include/node/v8.h: In member function bool v8::WeakCallbackInfo<T>::IsFirstPass() const:
/home/n0252056/.node-gyp/6.9.1/include/node/v8.h:441: error: nullptr was not declared in this scope
/home/n0252056/.node-gyp/6.9.1/include/node/v8.h: At global scope:
/home/n0252056/.node-gyp/6.9.1/include/node/v8.h:481: error: expected unqualified-id before using
/home/n0252056/.node-gyp/6.9.1/include/node/v8.h: In constructor v8::Global<T>::Global():
/home/n0252056/.node-gyp/6.9.1/include/node/v8.h:820: error: nullptr was not declared in this scope
/home/n0252056/.node-gyp/6.9.1/include/node/v8.h: In constructor v8::Global<T>::Global(v8::Global<T>&&):
/home/n0252056/.node-gyp/6.9.1/include/node/v8.h:845: error: nullptr was not declared in this scope
/home/n0252056/.node-gyp/6.9.1/include/node/v8.h: In member function v8::Global<T>& v8::Global<T>::operator=(v8::Global<S>&&):
/home/n0252056/.node-gyp/6.9.1/include/node/v8.h:857: error: nullptr was not declared in this scope
/home/n0252056/.node-gyp/6.9.1/include/node/v8.h: At global scope:
/home/n0252056/.node-gyp/6.9.1/include/node/v8.h:882: error: expected unqualified-id before using
/home/n0252056/.node-gyp/6.9.1/include/node/v8.h:1119: error: nullptr was not declared in this scope
/home/n0252056/.node-gyp/6.9.1/include/node/v8.h:1125: error: nullptr was not declared in this scope
/home/n0252056/.node-gyp/6.9.1/include/node/v8.h: In member function v8::MaybeLocal<v8::Object> v8::Function::NewInstance(v8::Local<v8::Context>) const:
/home/n0252056/.node-gyp/6.9.1/include/node/v8.h:3277: error: nullptr was not declared in this scope
/home/n0252056/.node-gyp/6.9.1/include/node/v8.h: At global scope:
/home/n0252056/.node-gyp/6.9.1/include/node/v8.h:4497: error: nullptr was not declared in this scope
/home/n0252056/.node-gyp/6.9.1/include/node/v8.h:4513: error: nullptr was not declared in this scope
/home/n0252056/.node-gyp/6.9.1/include/node/v8.h: In member function v8::Local<T> v8::MaybeLocal<T>::ToLocalChecked():
/home/n0252056/.node-gyp/6.9.1/include/node/v8.h:7537: error: nullptr was not declared in this scope
In file included from ../../nan/nan.h:82,
                 from ../src/krb5.cc:1:
../../nan/nan_new.h: At global scope:
../../nan/nan_new.h:24: error: template declaration of v8::Local<T> NanIntern::To
../../nan/nan_new.h:24: error: Handle is not a member of v8
../../nan/nan_new.h:24: error: expected primary-expression before > token
../../nan/nan_new.h:24: error: i was not declared in this scope
../../nan/nan_new.h:29: error: expected initializer before < token
../../nan/nan_new.h:34: error: expected initializer before < token
../../nan/nan_new.h:39: error: expected initializer before < token
../../nan/nan_new.h:66: error: v8::Handle has not been declared
../../nan/nan_new.h:66: error: expected , or ... before < token
../../nan/nan_new.h:65: error: default argument missing for parameter 2 of static v8::Local<v8::Context> NanIntern::Factory<v8::Context>::New(v8::ExtensionConfiguration*, int)
../../nan/nan_new.h:85: error: v8::Handle has not been declared
../../nan/nan_new.h:85: error: expected , or ... before < token
../../nan/nan_new.h:93: error: v8::Handle has not been declared
../../nan/nan_new.h:93: error: expected , or ... before < token
../../nan/nan_new.h:92: error: default argument missing for parameter 2 of static v8::Local<v8::FunctionTemplate> NanIntern::Factory<v8::FunctionTemplate>::New(void (*)(const v8::FunctionCallbackInfo<v8::Value>&), int)
../../nan/nan_new.h:139: error: v8::Handle has not been declared
../../nan/nan_new.h:139: error: expected , or ... before < token
../../nan/nan_new.h:151: error: ISO C++ forbids declaration of Handle with no type
../../nan/nan_new.h:151: error: typedef name may not be a nested-name-specifier
../../nan/nan_new.h:151: error: expected ; before < token
../../nan/nan_new.h:152: error: FTH has not been declared
../../nan/nan_new.h:152: error: FTH was not declared in this scope
../../nan/nan_new.h:171: error: v8::Handle has not been declared
../../nan/nan_new.h:171: error: expected , or ... before < token
In file included from ../../nan/nan_new.h:189,
                 from ../../nan/nan.h:82,
                 from ../src/krb5.cc:1:
../../nan/nan_implementation_12_inl.h: In static member function static v8::Local<v8::BooleanObject> NanIntern::Factory<v8::BooleanObject>::New(bool):
../../nan/nan_implementation_12_inl.h:49: warning: static v8::Local<v8::Value> v8::BooleanObject::New(bool) is deprecated (declared at /home/n0252056/.node-gyp/6.9.1/include/node/v8.h:4007)
../../nan/nan_implementation_12_inl.h: At global scope:
../../nan/nan_implementation_12_inl.h:56: error: v8::Handle has not been declared
../../nan/nan_implementation_12_inl.h:56: error: expected , or ... before < token
../../nan/nan_implementation_12_inl.h: In static member function static v8::Local<v8::Context> NanIntern::Factory<v8::Context>::New(v8::ExtensionConfiguration*, int):
../../nan/nan_implementation_12_inl.h:58: error: tmpl was not declared in this scope
../../nan/nan_implementation_12_inl.h:58: error: obj was not declared in this scope
../../nan/nan_implementation_12_inl.h: At global scope:
../../nan/nan_implementation_12_inl.h:79: error: v8::Handle has not been declared
../../nan/nan_implementation_12_inl.h:79: error: expected , or ... before < token
../../nan/nan_implementation_12_inl.h: In static member function static v8::Local<v8::Function> NanIntern::Factory<v8::Function>::New(void (*)(const v8::FunctionCallbackInfo<v8::Value>&), int):
../../nan/nan_implementation_12_inl.h:82: error: data was not declared in this scope
../../nan/nan_implementation_12_inl.h: At global scope:
../../nan/nan_implementation_12_inl.h:89: error: v8::Handle has not been declared
../../nan/nan_implementation_12_inl.h:89: error: expected , or ... before < token
../../nan/nan_implementation_12_inl.h: In static member function static v8::Local<v8::FunctionTemplate> NanIntern::Factory<v8::FunctionTemplate>::New(void (*)(const v8::FunctionCallbackInfo<v8::Value>&), int):
../../nan/nan_implementation_12_inl.h:93: error: data was not declared in this scope
../../nan/nan_implementation_12_inl.h:94: error: signature was not declared in this scope
../../nan/nan_implementation_12_inl.h: In static member function static typename NanIntern::IntegerFactory<T>::return_t NanIntern::IntegerFactory<T>::New(int32_t):
../../nan/nan_implementation_12_inl.h:117: error: To was not declared in this scope
../../nan/nan_implementation_12_inl.h:117: error: expected primary-expression before > token
../../nan/nan_implementation_12_inl.h: In static member function static typename NanIntern::IntegerFactory<T>::return_t NanIntern::IntegerFactory<T>::New(uint32_t):
../../nan/nan_implementation_12_inl.h:123: error: To was not declared in this scope
../../nan/nan_implementation_12_inl.h:123: error: expected primary-expression before > token
../../nan/nan_implementation_12_inl.h: In static member function static v8::Local<v8::Uint32> NanIntern::Factory<v8::Uint32>::New(int32_t):
../../nan/nan_implementation_12_inl.h:128: error: To was not declared in this scope
../../nan/nan_implementation_12_inl.h:128: error: expected primary-expression before > token
../../nan/nan_implementation_12_inl.h: In static member function static v8::Local<v8::Uint32> NanIntern::Factory<v8::Uint32>::New(uint32_t):
../../nan/nan_implementation_12_inl.h:134: error: To was not declared in this scope
../../nan/nan_implementation_12_inl.h:134: error: expected primary-expression before > token
../../nan/nan_implementation_12_inl.h: At global scope:
../../nan/nan_implementation_12_inl.h:156: error: v8::Local<v8::RegExp> NanIntern::Factory<v8::RegExp>::New is not a static member of struct NanIntern::Factory<v8::RegExp>
../../nan/nan_implementation_12_inl.h:156: error: Handle is not a member of v8
../../nan/nan_implementation_12_inl.h:156: error: expected primary-expression before > token
../../nan/nan_implementation_12_inl.h:156: error: pattern was not declared in this scope
../../nan/nan_implementation_12_inl.h:157: error: expected primary-expression before flags
../../nan/nan_implementation_12_inl.h:157: error: expected , or ; before { token
../../nan/nan_implementation_12_inl.h: In static member function static v8::Local<v8::Script> NanIntern::Factory<v8::Script>::New(v8::Local<v8::String>):
../../nan/nan_implementation_12_inl.h:166: warning: static v8::Local<v8::Script> v8::ScriptCompiler::Compile(v8::Isolate*, v8::ScriptCompiler::Source*, v8::ScriptCompiler::CompileOptions) is deprecated (declared at /home/n0252056/.node-gyp/6.9.1/include/node/v8.h:1352)
../../nan/nan_implementation_12_inl.h: In static member function static v8::Local<v8::Script> NanIntern::Factory<v8::Script>::New(v8::Local<v8::String>, const v8::ScriptOrigin&):
../../nan/nan_implementation_12_inl.h:173: warning: static v8::Local<v8::Script> v8::ScriptCompiler::Compile(v8::Isolate*, v8::ScriptCompiler::Source*, v8::ScriptCompiler::CompileOptions) is deprecated (declared at /home/n0252056/.node-gyp/6.9.1/include/node/v8.h:1352)
../../nan/nan_implementation_12_inl.h: At global scope:
../../nan/nan_implementation_12_inl.h:179: error: v8::Local<v8::Signature> NanIntern::Factory<v8::Signature>::New is not a static member of struct NanIntern::Factory<v8::Signature>
../../nan/nan_implementation_12_inl.h:179: error: FTH is not a member of NanIntern::Factory<v8::Signature>
../../nan/nan_implementation_12_inl.h:179: error: expected , or ; before { token
../../nan/nan_implementation_12_inl.h: In static member function static v8::Local<v8::String> NanIntern::Factory<v8::String>::New(const uint8_t*, int):
../../nan/nan_implementation_12_inl.h:206: warning: static v8::Local<v8::String> v8::String::NewFromOneByte(v8::Isolate*, const uint8_t*, v8::String::NewStringType, int) is deprecated (declared at /home/n0252056/.node-gyp/6.9.1/include/node/v8.h:2332)
../../nan/nan_implementation_12_inl.h: In static member function static v8::Local<v8::String> NanIntern::Factory<v8::String>::New(v8::String::ExternalStringResource*):
../../nan/nan_implementation_12_inl.h:217: warning: static v8::Local<v8::String> v8::String::NewExternal(v8::Isolate*, v8::String::ExternalStringResource*) is deprecated (declared at /home/n0252056/.node-gyp/6.9.1/include/node/v8.h:2371)
../../nan/nan_implementation_12_inl.h: At global scope:
../../nan/nan_implementation_12_inl.h:228: error: v8::Local<v8::StringObject> NanIntern::Factory<v8::StringObject>::New is not a static member of struct NanIntern::Factory<v8::StringObject>
../../nan/nan_implementation_12_inl.h:228: error: Handle is not a member of v8
../../nan/nan_implementation_12_inl.h:228: error: expected primary-expression before > token
../../nan/nan_implementation_12_inl.h:228: error: value was not declared in this scope
../../nan/nan_implementation_12_inl.h:228: error: expected , or ; before { token
../../nan/nan_implementation_12_inl.h: In static member function static v8::Local<v8::UnboundScript> NanIntern::Factory<v8::UnboundScript>::New(v8::Local<v8::String>):
../../nan/nan_implementation_12_inl.h:237: warning: static v8::Local<v8::UnboundScript> v8::ScriptCompiler::CompileUnbound(v8::Isolate*, v8::ScriptCompiler::Source*, v8::ScriptCompiler::CompileOptions) is deprecated (declared at /home/n0252056/.node-gyp/6.9.1/include/node/v8.h:1333)
../../nan/nan_implementation_12_inl.h: In static member function static v8::Local<v8::UnboundScript> NanIntern::Factory<v8::UnboundScript>::New(v8::Local<v8::String>, const v8::ScriptOrigin&):
../../nan/nan_implementation_12_inl.h:244: warning: static v8::Local<v8::UnboundScript> v8::ScriptCompiler::CompileUnbound(v8::Isolate*, v8::ScriptCompiler::Source*, v8::ScriptCompiler::CompileOptions) is deprecated (declared at /home/n0252056/.node-gyp/6.9.1/include/node/v8.h:1333)
../../nan/nan_implementation_12_inl.h: At global scope:
../../nan/nan_implementation_12_inl.h:252: error: NanNew declared as an inline variable
../../nan/nan_implementation_12_inl.h:252: error: template declaration of v8::Local<T> NanNew
../../nan/nan_implementation_12_inl.h:252: error: Handle is not a member of v8
../../nan/nan_implementation_12_inl.h:252: error: expected primary-expression before > token
../../nan/nan_implementation_12_inl.h:252: error: h was not declared in this scope
In file included from ../../nan/nan.h:82,
                 from ../src/krb5.cc:1:
../../nan/nan_new.h:238: error: v8::Handle has not been declared
../../nan/nan_new.h:238: error: expected , or ... before < token
../../nan/nan_new.h: In function typename NanIntern::Factory<T>::return_t NanNew(void (*)(const v8::FunctionCallbackInfo<v8::Value>&), int):
../../nan/nan_new.h:239: error: data was not declared in this scope
../../nan/nan_new.h: At global scope:
../../nan/nan_new.h:246: error: v8::Handle has not been declared
../../nan/nan_new.h:246: error: expected , or ... before < token
../../nan/nan_new.h: In function typename NanIntern::Factory<T>::return_t NanNew(void (*)(const v8::FunctionCallbackInfo<v8::Value>&), int):
../../nan/nan_new.h:248: error: data was not declared in this scope
../../nan/nan_new.h:248: error: a2 was not declared in this scope
../../nan/nan_new.h: At global scope:
../../nan/nan_new.h:253: error: NanNew declared as an inline variable
../../nan/nan_new.h:253: error: template declaration of v8::Local<T> NanNew
../../nan/nan_new.h:253: error: Handle is not a member of v8
../../nan/nan_new.h:253: error: expected primary-expression before > token
../../nan/nan_new.h:253: error: h was not declared in this scope
../../nan/nan_new.h:324: error: NanNew declared as an inline variable
../../nan/nan_new.h:324: error: v8::Local<v8::RegExp> NanNew redeclared as different kind of symbol
../../nan/nan_new.h:318: error: previous declaration of v8::Local<v8::String> NanNew(NanExternalOneByteStringResource*)
../../nan/nan_new.h:324: error: Handle is not a member of v8
../../nan/nan_new.h:324: error: expected primary-expression before > token
../../nan/nan_new.h:324: error: pattern was not declared in this scope
../../nan/nan_new.h:324: error: expected primary-expression before flags
In file included from ../src/krb5.cc:1:
../../nan/nan.h:220: error: v8::Handle has not been declared
../../nan/nan.h:220: error: expected , or ... before < token
../../nan/nan.h: In function bool NanBooleanOptionValue(v8::Local<v8::Object>, int):
../../nan/nan.h:222: error: def was not declared in this scope
../../nan/nan.h:224: error: opt was not declared in this scope
../../nan/nan.h:228: error: opt was not declared in this scope
../../nan/nan.h: At global scope:
../../nan/nan.h:235: error: v8::Handle has not been declared
../../nan/nan.h:235: error: expected , or ... before < token
../../nan/nan.h: In function bool NanBooleanOptionValue(v8::Local<v8::Object>, int):
../../nan/nan.h:233: error: redefinition of bool NanBooleanOptionValue(v8::Local<v8::Object>, int)
../../nan/nan.h:218: error: bool NanBooleanOptionValue(v8::Local<v8::Object>, int) previously defined here
../../nan/nan.h:237: error: opt was not declared in this scope
../../nan/nan.h: At global scope:
../../nan/nan.h:242: error: v8::Handle has not been declared
../../nan/nan.h:242: error: expected , or ... before < token
../../nan/nan.h: In function uint32_t NanUInt32OptionValue(v8::Local<v8::Object>, int):
../../nan/nan.h:246: error: opt was not declared in this scope
../../nan/nan.h:249: error: def was not declared in this scope
../../nan/nan.h: At global scope:
../../nan/nan.h:253: error: template declaration of v8::Local<T> NanNew
../../nan/nan.h:253: error: Handle is not a member of v8
../../nan/nan.h:253: error: expected primary-expression before > token
../../nan/nan.h:253: error: expected primary-expression before ) token
../../nan/nan.h:256: error: _NanEnsureLocal declared as an inline variable
../../nan/nan.h:256: warning: always_inline attribute ignored
../../nan/nan.h:256: error: template declaration of v8::Local<T> _NanEnsureLocal
../../nan/nan.h:256: error: Handle is not a member of v8
../../nan/nan.h:256: error: expected primary-expression before > token
../../nan/nan.h:256: error: val was not declared in this scope
../../nan/nan.h: In function bool NanIdleNotification(int):
../../nan/nan.h:289: warning: bool v8::Isolate::IdleNotification(int) is deprecated (declared at /home/n0252056/.node-gyp/6.9.1/include/node/v8.h:6113)
../../nan/nan.h: In function v8::Local<v8::Primitive> NanUndefined():
../../nan/nan.h:414: error: no matching function for call to NanNew(v8::Local<v8::Primitive>)
../../nan/nan_new.h:258: note: candidates are: v8::Local<v8::Boolean> NanNew(bool)
../../nan/nan_new.h:264: note:                 v8::Local<v8::Int32> NanNew(int32_t)
../../nan/nan_new.h:270: note:                 v8::Local<v8::Uint32> NanNew(uint32_t)
../../nan/nan_new.h:276: note:                 v8::Local<v8::Number> NanNew(double)
../../nan/nan_new.h:282: note:                 v8::Local<v8::String> NanNew(const std::string&)
../../nan/nan_new.h:288: note:                 v8::Local<v8::String> NanNew(const char*, int)
../../nan/nan_new.h:294: note:                 v8::Local<v8::String> NanNew(const char*)
../../nan/nan_new.h:300: note:                 v8::Local<v8::String> NanNew(const uint8_t*)
../../nan/nan_new.h:306: note:                 v8::Local<v8::String> NanNew(const uint16_t*)
../../nan/nan_new.h:312: note:                 v8::Local<v8::String> NanNew(v8::String::ExternalStringResource*)
../../nan/nan_new.h:318: note:                 v8::Local<v8::String> NanNew(NanExternalOneByteStringResource*)
../../nan/nan.h: In function v8::Local<v8::Primitive> NanNull():
../../nan/nan.h:419: error: no matching function for call to NanNew(v8::Local<v8::Primitive>)
../../nan/nan_new.h:258: note: candidates are: v8::Local<v8::Boolean> NanNew(bool)
../../nan/nan_new.h:264: note:                 v8::Local<v8::Int32> NanNew(int32_t)
../../nan/nan_new.h:270: note:                 v8::Local<v8::Uint32> NanNew(uint32_t)
../../nan/nan_new.h:276: note:                 v8::Local<v8::Number> NanNew(double)
../../nan/nan_new.h:282: note:                 v8::Local<v8::String> NanNew(const std::string&)
../../nan/nan_new.h:288: note:                 v8::Local<v8::String> NanNew(const char*, int)
../../nan/nan_new.h:294: note:                 v8::Local<v8::String> NanNew(const char*)
../../nan/nan_new.h:300: note:                 v8::Local<v8::String> NanNew(const uint8_t*)
../../nan/nan_new.h:306: note:                 v8::Local<v8::String> NanNew(const uint16_t*)
../../nan/nan_new.h:312: note:                 v8::Local<v8::String> NanNew(v8::String::ExternalStringResource*)
../../nan/nan_new.h:318: note:                 v8::Local<v8::String> NanNew(NanExternalOneByteStringResource*)
../../nan/nan.h: In function v8::Local<v8::Boolean> NanTrue():
../../nan/nan.h:424: error: no matching function for call to NanNew(v8::Local<v8::Boolean>)
../../nan/nan_new.h:258: note: candidates are: v8::Local<v8::Boolean> NanNew(bool)
../../nan/nan_new.h:264: note:                 v8::Local<v8::Int32> NanNew(int32_t)
../../nan/nan_new.h:270: note:                 v8::Local<v8::Uint32> NanNew(uint32_t)
../../nan/nan_new.h:276: note:                 v8::Local<v8::Number> NanNew(double)
../../nan/nan_new.h:282: note:                 v8::Local<v8::String> NanNew(const std::string&)
../../nan/nan_new.h:288: note:                 v8::Local<v8::String> NanNew(const char*, int)
../../nan/nan_new.h:294: note:                 v8::Local<v8::String> NanNew(const char*)
../../nan/nan_new.h:300: note:                 v8::Local<v8::String> NanNew(const uint8_t*)
../../nan/nan_new.h:306: note:                 v8::Local<v8::String> NanNew(const uint16_t*)
../../nan/nan_new.h:312: note:                 v8::Local<v8::String> NanNew(v8::String::ExternalStringResource*)
../../nan/nan_new.h:318: note:                 v8::Local<v8::String> NanNew(NanExternalOneByteStringResource*)
../../nan/nan.h: In function v8::Local<v8::Boolean> NanFalse():
../../nan/nan.h:429: error: no matching function for call to NanNew(v8::Local<v8::Boolean>)
../../nan/nan_new.h:258: note: candidates are: v8::Local<v8::Boolean> NanNew(bool)
../../nan/nan_new.h:264: note:                 v8::Local<v8::Int32> NanNew(int32_t)
../../nan/nan_new.h:270: note:                 v8::Local<v8::Uint32> NanNew(uint32_t)
../../nan/nan_new.h:276: note:                 v8::Local<v8::Number> NanNew(double)
../../nan/nan_new.h:282: note:                 v8::Local<v8::String> NanNew(const std::string&)
../../nan/nan_new.h:288: note:                 v8::Local<v8::String> NanNew(const char*, int)
../../nan/nan_new.h:294: note:                 v8::Local<v8::String> NanNew(const char*)
../../nan/nan_new.h:300: note:                 v8::Local<v8::String> NanNew(const uint8_t*)
../../nan/nan_new.h:306: note:                 v8::Local<v8::String> NanNew(const uint16_t*)
../../nan/nan_new.h:312: note:                 v8::Local<v8::String> NanNew(v8::String::ExternalStringResource*)
../../nan/nan_new.h:318: note:                 v8::Local<v8::String> NanNew(NanExternalOneByteStringResource*)
../../nan/nan.h: At global scope:
../../nan/nan.h:438: error: variable or field NanSetTemplate declared void
../../nan/nan.h:438: error: Handle is not a member of v8
../../nan/nan.h:438: error: expected primary-expression before > token
../../nan/nan.h:438: error: templ was not declared in this scope
../../nan/nan.h:439: error: expected primary-expression before const
../../nan/nan.h:440: error: Handle is not a member of v8
../../nan/nan.h:440: error: expected primary-expression before > token
../../nan/nan.h:440: error: value was not declared in this scope
../../nan/nan.h:445: error: variable or field NanSetTemplate declared void
../../nan/nan.h:445: error: Handle is not a member of v8
../../nan/nan.h:445: error: expected primary-expression before > token
../../nan/nan.h:445: error: templ was not declared in this scope
../../nan/nan.h:446: error: Handle is not a member of v8
../../nan/nan.h:446: error: expected primary-expression before > token
../../nan/nan.h:446: error: name was not declared in this scope
../../nan/nan.h:447: error: Handle is not a member of v8
../../nan/nan.h:447: error: expected primary-expression before > token
../../nan/nan.h:447: error: value was not declared in this scope
../../nan/nan.h:448: error: expected primary-expression before attributes
../../nan/nan.h:457: error: NanGetInternalFieldPointer declared as an inline variable
../../nan/nan.h:457: warning: always_inline attribute ignored
../../nan/nan.h:457: error: Handle is not a member of v8
../../nan/nan.h:457: error: expected primary-expression before > token
../../nan/nan.h:457: error: object was not declared in this scope
../../nan/nan.h:458: error: expected primary-expression before int
../../nan/nan.h:458: error: initializer expression list treated as compound expression
../../nan/nan.h:458: error: expected , or ; before { token
../../nan/nan.h:463: error: variable or field NanSetInternalFieldPointer declared void
../../nan/nan.h:463: error: Handle is not a member of v8
../../nan/nan.h:463: error: expected primary-expression before > token
../../nan/nan.h:463: error: object was not declared in this scope
../../nan/nan.h:464: error: expected primary-expression before int
../../nan/nan.h:465: error: expected primary-expression before void
../../nan/nan.h:473: error: variable or field NanAddGCEpilogueCallback declared void
../../nan/nan.h:473: error: GCEpilogueCallback is not a member of v8::Isolate
../../nan/nan.h:474: error: expected primary-expression before gc_type_filter
../../nan/nan.h:479: error: variable or field NanRemoveGCEpilogueCallback declared void
../../nan/nan.h:479: error: GCEpilogueCallback is not a member of v8::Isolate
../../nan/nan.h:484: error: variable or field NanAddGCPrologueCallback declared void
../../nan/nan.h:484: error: GCPrologueCallback is not a member of v8::Isolate
../../nan/nan.h:485: error: expected primary-expression before gc_type_filter
../../nan/nan.h:490: error: variable or field NanRemoveGCPrologueCallback declared void
../../nan/nan.h:490: error: GCPrologueCallback is not a member of v8::Isolate
../../nan/nan.h:507: error: v8::Handle has not been declared
../../nan/nan.h:507: error: expected , or ... before < token
../../nan/nan.h: In function void NanAssignPersistent(v8::Persistent<T, v8::NonCopyablePersistentTraits<T> >&, int):
../../nan/nan.h:508: error: obj was not declared in this scope
../../nan/nan.h: At global scope:
../../nan/nan.h:524: error: expected ) before < token
../../nan/nan.h:585: error: NanMakeWeakPersistent declared as an inline variable
../../nan/nan.h:585: warning: always_inline attribute ignored
../../nan/nan.h:585: error: template declaration of _NanWeakCallbackInfo<T, P>* NanMakeWeakPersistent
../../nan/nan.h:585: error: Handle is not a member of v8
../../nan/nan.h:585: error: expected primary-expression before > token
../../nan/nan.h:585: error: handle was not declared in this scope
../../nan/nan.h:586: error: expected primary-expression before * token
../../nan/nan.h:586: error: parameter was not declared in this scope
../../nan/nan.h:587: error: expected ( before callback
../../nan/nan.h:614: error: variable or field NanThrowError declared void
../../nan/nan.h:614: error: Handle is not a member of v8
../../nan/nan.h:614: error: expected primary-expression before > token
../../nan/nan.h:614: error: error was not declared in this scope
../../nan/nan.h: In function void NanThrowError(const char*, int):
../../nan/nan.h:633: error: no matching function for call to NanThrowError(v8::Local<v8::Value>)
../../nan/nan.h:610: note: candidates are: void NanThrowError(const char*)
../../nan/nan.h:629: note:                 void NanThrowError(const char*, int)
../../nan/nan.h: At global scope:
../../nan/nan.h:661: error: node::smalloc has not been declared
../../nan/nan.h:661: error: expected , or ... before callback
../../nan/nan.h: In function v8::Local<v8::Object> NanNewBufferHandle(char*, size_t, int):
../../nan/nan.h:665: error: callback was not declared in this scope
../../nan/nan.h:665: error: hint was not declared in this scope
../../nan/nan.h: In function v8::Local<v8::Object> NanNewBufferHandle(const char*, uint32_t):
../../nan/nan.h:672: error: invalid conversion from const char* to char*
../../nan/nan.h:672: error:   initializing argument 2 of v8::MaybeLocal<v8::Object> node::Buffer::New(v8::Isolate*, char*, size_t)
../../nan/nan.h:672: error: conversion from v8::MaybeLocal<v8::Object> to non-scalar type v8::Local<v8::Object> requested
../../nan/nan.h: In function v8::Local<v8::Object> NanNewBufferHandle(uint32_t):
../../nan/nan.h:676: error: conversion from v8::MaybeLocal<v8::Object> to non-scalar type v8::Local<v8::Object> requested
../../nan/nan.h: In function v8::Local<v8::Object> NanBufferUse(char*, uint32_t):
../../nan/nan.h:683: error: Use is not a member of node::Buffer
../../nan/nan.h: At global scope:
../../nan/nan.h:688: error: v8::Handle has not been declared
../../nan/nan.h:688: error: expected , or ... before < token
../../nan/nan.h: In function bool NanHasInstance(const v8::Persistent<v8::FunctionTemplate, v8::NonCopyablePersistentTraits<v8::FunctionTemplate> >&, int):
../../nan/nan.h:690: error: value was not declared in this scope
../../nan/nan.h: At global scope:
../../nan/nan.h:695: error: v8::Handle has not been declared
../../nan/nan.h:695: error: expected , or ... before < token
../../nan/nan.h: In function v8::Local<v8::Context> NanNewContextHandle(v8::ExtensionConfiguration*, int):
../../nan/nan.h:693: error: default argument missing for parameter 2 of v8::Local<v8::Context> NanNewContextHandle(v8::ExtensionConfiguration*, int)
../../nan/nan.h:701: error: tmpl was not declared in this scope
../../nan/nan.h:701: error: obj was not declared in this scope
../../nan/nan.h: In function v8::Local<v8::Script> NanCompileScript(v8::Local<v8::String>, const v8::ScriptOrigin&):
../../nan/nan.h:710: warning: static v8::Local<v8::Script> v8::ScriptCompiler::Compile(v8::Isolate*, v8::ScriptCompiler::Source*, v8::ScriptCompiler::CompileOptions) is deprecated (declared at /home/n0252056/.node-gyp/6.9.1/include/node/v8.h:1352)
../../nan/nan.h: In function v8::Local<v8::Script> NanCompileScript(v8::Local<v8::String>):
../../nan/nan.h:717: warning: static v8::Local<v8::Script> v8::ScriptCompiler::Compile(v8::Isolate*, v8::ScriptCompiler::Source*, v8::ScriptCompiler::CompileOptions) is deprecated (declared at /home/n0252056/.node-gyp/6.9.1/include/node/v8.h:1352)
../../nan/nan.h: At global scope:
../../nan/nan.h:721: error: NanRunScript declared as an inline variable
../../nan/nan.h:721: warning: always_inline attribute ignored
../../nan/nan.h:721: error: Handle is not a member of v8
../../nan/nan.h:721: error: expected primary-expression before > token
../../nan/nan.h:721: error: script was not declared in this scope
../../nan/nan.h:722: error: expected , or ; before { token
../../nan/nan.h:727: error: NanRunScript declared as an inline variable
../../nan/nan.h:727: warning: always_inline attribute ignored
../../nan/nan.h:727: error: redefinition of v8::Local<v8::Value> NanRunScript
../../nan/nan.h:721: error: v8::Local<v8::Value> NanRunScript previously declared here
../../nan/nan.h:727: error: Handle is not a member of v8
../../nan/nan.h:727: error: expected primary-expression before > token
../../nan/nan.h:727: error: script was not declared in this scope
../../nan/nan.h:733: error: NanMakeCallback declared as an inline variable
../../nan/nan.h:733: warning: always_inline attribute ignored
../../nan/nan.h:733: error: Handle is not a member of v8
../../nan/nan.h:733: error: expected primary-expression before > token
../../nan/nan.h:733: error: target was not declared in this scope
../../nan/nan.h:734: error: Handle is not a member of v8
../../nan/nan.h:734: error: expected primary-expression before > token
../../nan/nan.h:734: error: func was not declared in this scope
../../nan/nan.h:735: error: expected primary-expression before int
../../nan/nan.h:736: error: Handle is not a member of v8
../../nan/nan.h:736: error: expected primary-expression before > token
../../nan/nan.h:736: error: argv was not declared in this scope
../../nan/nan.h:736: error: expected , or ; before { token
../../nan/nan.h:742: error: NanMakeCallback declared as an inline variable
../../nan/nan.h:742: warning: always_inline attribute ignored
../../nan/nan.h:742: error: redefinition of v8::Local<v8::Value> NanMakeCallback
../../nan/nan.h:733: error: v8::Local<v8::Value> NanMakeCallback previously declared here
../../nan/nan.h:742: error: Handle is not a member of v8
../../nan/nan.h:742: error: expected primary-expression before > token
../../nan/nan.h:742: error: target was not declared in this scope
../../nan/nan.h:743: error: Handle is not a member of v8
../../nan/nan.h:743: error: expected primary-expression before > token
../../nan/nan.h:743: error: symbol was not declared in this scope
../../nan/nan.h:744: error: expected primary-expression before int
../../nan/nan.h:745: error: Handle is not a member of v8
../../nan/nan.h:745: error: expected primary-expression before > token
../../nan/nan.h:745: error: argv was not declared in this scope
../../nan/nan.h:751: error: NanMakeCallback declared as an inline variable
../../nan/nan.h:751: warning: always_inline attribute ignored
../../nan/nan.h:751: error: redefinition of v8::Local<v8::Value> NanMakeCallback
../../nan/nan.h:733: error: v8::Local<v8::Value> NanMakeCallback previously declared here
../../nan/nan.h:751: error: Handle is not a member of v8
../../nan/nan.h:751: error: expected primary-expression before > token
../../nan/nan.h:751: error: target was not declared in this scope
../../nan/nan.h:752: error: expected primary-expression before const
../../nan/nan.h:753: error: expected primary-expression before int
../../nan/nan.h:754: error: Handle is not a member of v8
../../nan/nan.h:754: error: expected primary-expression before > token
../../nan/nan.h:754: error: argv was not declared in this scope
../../nan/nan.h:776: error: expected ) before < token
../../nan/nan.h:810: error: expected ) before < token
../../nan/nan.h:843: error: expected ) before < token
../../nan/nan.h:1484: error: expected unqualified-id before < token
../../nan/nan.h:1484: error: expected ) before < token
../../nan/nan.h:1484: error: expected ; before < token
../../nan/nan.h:1491: error: expected ; before ~ token
../../nan/nan.h:1507: error: expected unqualified-id before < token
../../nan/nan.h:1507: error: expected ) before < token
../../nan/nan.h:1507: error: expected ; before < token
../../nan/nan.h:1512: error: expected ; before inline
../../nan/nan.h:1523: error: ISO C++ forbids declaration of Handle with no type
../../nan/nan.h:1523: error: invalid use of ::
../../nan/nan.h:1523: error: expected ; before < token
../../nan/nan.h:1535: error: expected ; before inline
../../nan/nan.h:1535: error: ISO C++ forbids declaration of Handle with no type
../../nan/nan.h:1535: error: invalid use of ::
../../nan/nan.h:1535: error: expected ; before < token
../../nan/nan.h:1545: error: expected ; before private
../../nan/nan.h:1550: error: ISO C++ forbids declaration of Handle with no type
../../nan/nan.h:1550: error: invalid use of ::
../../nan/nan.h:1550: error: expected ; before < token
../../nan/nan.h:1588: error: expected ; before } token
../../nan/nan.h: In constructor NanCallback::NanCallback():
../../nan/nan.h:1481: error: no matching function for call to NanAssignPersistent(v8::Persistent<v8::Object, v8::NonCopyablePersistentTraits<v8::Object> >&, v8::Local<v8::Object>&)
../../nan/nan.h: In constructor NanAsyncWorker::NanAsyncWorker(NanCallback*):
../../nan/nan.h:1598: error: no matching function for call to NanAssignPersistent(v8::Persistent<v8::Object, v8::NonCopyablePersistentTraits<v8::Object> >&, v8::Local<v8::Object>&)
../../nan/nan.h: In member function virtual void NanAsyncWorker::HandleOKCallback():
../../nan/nan.h:1648: error: class NanCallback has no member named Call
../../nan/nan.h: In member function virtual void NanAsyncWorker::HandleErrorCallback():
../../nan/nan.h:1657: error: class NanCallback has no member named Call
../../nan/nan.h: At global scope:
../../nan/nan.h:1957: error: Handle is not a member of v8
../../nan/nan.h:1957: error: expected primary-expression before > token
../../nan/nan.h:1957: error: val was not declared in this scope
../../nan/nan.h:1958: error: expected primary-expression before const
../../nan/nan.h:1959: error: expected primary-expression before * token
../../nan/nan.h:1959: error: len was not declared in this scope
../../nan/nan.h:1960: error: initializer expression list treated as compound expression
../../nan/nan.h:1960: error: expected , or ; before { token
../../nan/nan.h:1957: warning: _NanGetExternalParts defined but not used
make: *** [Release/obj.target/krb5/src/krb5.o] Error 1
make: Leaving directory `/usr/git/Angular/MySite/node_modules/node-krb5/build'
gyp ERR! build error 
gyp ERR! stack Error: `make` failed with exit code: 2
gyp ERR! stack     at ChildProcess.onExit (/usr/lib/node_modules/npm/node_modules/node-gyp/lib/build.js:276:23)
gyp ERR! stack     at emitTwo (events.js:106:13)
gyp ERR! stack     at ChildProcess.emit (events.js:191:7)
gyp ERR! stack     at Process.ChildProcess._handle.onexit (internal/child_process.js:215:12)
gyp ERR! System Linux 2.6.32-642.6.2.el6.x86_64
gyp ERR! command "/usr/bin/node" "/usr/lib/node_modules/npm/node_modules/node-gyp/bin/node-gyp.js" "rebuild"
gyp ERR! cwd /usr/git/Angular/MySite/node_modules/node-krb5
gyp ERR! node -v v6.9.1
gyp ERR! node-gyp -v v3.4.0
gyp ERR! not ok 
npm verb lifecycle node-krb5@0.0.6~install: unsafe-perm in lifecycle true
npm verb lifecycle node-krb5@0.0.6~install: PATH: /usr/lib/node_modules/npm/bin/node-gyp-bin:/usr/git/Angular/MySite/node_modules/node-krb5/node_modules/.bin:/usr/git/Angular/MySite/node_modules/.bin:/usr/lib64/qt-3.3/bin:/usr/local/bin:/usr/bin:/bin:/usr/X11R6/bin:/usr/sbin:/sbin:/usr/java/default/bin:/opt/novell/zenworks/bin:/usr/lib/jvm/jdk1.8.0_91/jre/bin:/opt/apache-maven-3.3.9:/home/n0252056/bin:/usr/lib/jvm/jdk1.8.0_91/jre/bin:/opt/apache-maven-3.3.9:/usr/lib/jvm/jdk1.8.0_91/jre/bin:/opt/apache-maven-3.3.9
npm verb lifecycle node-krb5@0.0.6~install: CWD: /usr/git/Angular/MySite/node_modules/node-krb5
npm info lifecycle node-krb5@0.0.6~install: Failed to exec install script
npm verb unlock done using /home/n0252056/.npm/_locks/staging-70f910e3e911b779.lock for /usr/git/Angular/MySite/node_modules/.staging
npm verb stack Error: node-krb5@0.0.6 install: `node-gyp rebuild`
npm verb stack Exit status 1
npm verb stack     at EventEmitter.<anonymous> (/usr/lib/node_modules/npm/lib/utils/lifecycle.js:255:16)
npm verb stack     at emitTwo (events.js:106:13)
npm verb stack     at EventEmitter.emit (events.js:191:7)
npm verb stack     at ChildProcess.<anonymous> (/usr/lib/node_modules/npm/lib/utils/spawn.js:40:14)
npm verb stack     at emitTwo (events.js:106:13)
npm verb stack     at ChildProcess.emit (events.js:191:7)
npm verb stack     at maybeClose (internal/child_process.js:877:16)
npm verb stack     at Process.ChildProcess._handle.onexit (internal/child_process.js:226:5)
npm verb pkgid node-krb5@0.0.6
npm verb cwd /usr/git/Angular/MySite
npm ERR! Linux 2.6.32-642.6.2.el6.x86_64
npm ERR! argv "/usr/bin/node" "/usr/bin/npm" "install" "--save" "--loglevel" "verbose" "node-krb5"
npm ERR! node v6.9.1
npm ERR! npm  v3.10.8
npm ERR! code ELIFECYCLE

npm ERR! node-krb5@0.0.6 install: `node-gyp rebuild`
npm ERR! Exit status 1
npm ERR! 
npm ERR! Failed at the node-krb5@0.0.6 install script 'node-gyp rebuild'.
npm ERR! Make sure you have the latest version of node.js and npm installed.
npm ERR! If you do, this is most likely a problem with the node-krb5 package,
npm ERR! not with npm itself.
npm ERR! Tell the author that this fails on your system:
npm ERR!     node-gyp rebuild
npm ERR! You can get information on how to open an issue for this project with:
npm ERR!     npm bugs node-krb5
npm ERR! Or if that isn't available, you can get their info via:
npm ERR!     npm owner ls node-krb5
npm ERR! There is likely additional logging output above.
npm verb exit [ 1, true ]

npm ERR! Please include the following file with any support request:
npm ERR!     /usr/git/Angular/MySite/npm-debug.log
